2026-03-05 11:41:53 startup archives unpack
2026-03-05 11:41:53 upgrade gcc-14-base:amd64 14.2.0-4ubuntu2~24.04 14.2.0-4ubuntu2~24.04.1
2026-03-05 11:41:53 status half-configured gcc-14-base:amd64 14.2.0-4ubuntu2~24.04
2026-03-05 11:41:53 status unpacked gcc-14-base:amd64 14.2.0-4ubuntu2~24.04
2026-03-05 11:41:53 status half-installed gcc-14-base:amd64 14.2.0-4ubuntu2~24.04
2026-03-05 11:41:53 status unpacked gcc-14-base:amd64 14.2.0-4ubuntu2~24.04.1
2026-03-05 11:41:53 startup packages configure
2026-03-05 11:41:53 configure gcc-14-base:amd64 14.2.0-4ubuntu2~24.04.1 <none>
2026-03-05 11:41:53 status unpacked gcc-14-base:amd64 14.2.0-4ubuntu2~24.04.1
2026-03-05 11:41:53 status half-configured gcc-14-base:amd64 14.2.0-4ubuntu2~24.04.1
2026-03-05 11:41:53 status installed gcc-14-base:amd64 14.2.0-4ubuntu2~24.04.1
2026-03-05 11:41:53 startup archives unpack
2026-03-05 11:41:53 upgrade libstdc++6:amd64 14.2.0-4ubuntu2~24.04 14.2.0-4ubuntu2~24.04.1
2026-03-05 11:41:53 status triggers-pending libc-bin:amd64 2.39-0ubuntu8.7
2026-03-05 11:41:53 status half-configured libstdc++6:amd64 14.2.0-4ubuntu2~24.04
2026-03-05 11:41:53 status unpacked libstdc++6:amd64 14.2.0-4ubuntu2~24.04
2026-03-05 11:41:53 status half-installed libstdc++6:amd64 14.2.0-4ubuntu2~24.04
2026-03-05 11:41:54 status unpacked libstdc++6:amd64 14.2.0-4ubuntu2~24.04.1
2026-03-05 11:41:54 startup packages configure
2026-03-05 11:41:54 configure libstdc++6:amd64 14.2.0-4ubuntu2~24.04.1 <none>
2026-03-05 11:41:54 status unpacked libstdc++6:amd64 14.2.0-4ubuntu2~24.04.1
2026-03-05 11:41:54 status half-configured libstdc++6:amd64 14.2.0-4ubuntu2~24.04.1
2026-03-05 11:41:54 status installed libstdc++6:amd64 14.2.0-4ubuntu2~24.04.1
2026-03-05 11:41:54 startup archives unpack
2026-03-05 11:41:54 upgrade libgcc-s1:amd64 14.2.0-4ubuntu2~24.04 14.2.0-4ubuntu2~24.04.1
2026-03-05 11:41:54 status half-configured libgcc-s1:amd64 14.2.0-4ubuntu2~24.04
2026-03-05 11:41:54 status unpacked libgcc-s1:amd64 14.2.0-4ubuntu2~24.04
2026-03-05 11:41:54 status half-installed libgcc-s1:amd64 14.2.0-4ubuntu2~24.04
2026-03-05 11:41:54 status unpacked libgcc-s1:amd64 14.2.0-4ubuntu2~24.04.1
2026-03-05 11:41:54 startup packages configure
2026-03-05 11:41:54 configure libgcc-s1:amd64 14.2.0-4ubuntu2~24.04.1 <none>
2026-03-05 11:41:54 status unpacked libgcc-s1:amd64 14.2.0-4ubuntu2~24.04.1
2026-03-05 11:41:54 status half-configured libgcc-s1:amd64 14.2.0-4ubuntu2~24.04.1
2026-03-05 11:41:54 status installed libgcc-s1:amd64 14.2.0-4ubuntu2~24.04.1
2026-03-05 11:41:54 startup packages configure
2026-03-05 11:41:54 trigproc libc-bin:amd64 2.39-0ubuntu8.7 <none>
2026-03-05 11:41:54 status half-configured libc-bin:amd64 2.39-0ubuntu8.7
2026-03-05 11:41:54 status installed libc-bin:amd64 2.39-0ubuntu8.7
2026-03-05 11:41:57 startup archives unpack
2026-03-05 11:41:57 upgrade curl:amd64 8.5.0-2ubuntu10.6 8.5.0-2ubuntu10.7
2026-03-05 11:41:57 status half-configured curl:amd64 8.5.0-2ubuntu10.6
2026-03-05 11:41:57 status unpacked curl:amd64 8.5.0-2ubuntu10.6
2026-03-05 11:41:57 status half-installed curl:amd64 8.5.0-2ubuntu10.6
2026-03-05 11:41:57 status triggers-pending man-db:amd64 2.12.0-4build2
2026-03-05 11:41:57 status unpacked curl:amd64 8.5.0-2ubuntu10.7
2026-03-05 11:41:57 upgrade libcurl4t64:amd64 8.5.0-2ubuntu10.6 8.5.0-2ubuntu10.7
2026-03-05 11:41:57 status triggers-pending libc-bin:amd64 2.39-0ubuntu8.7
2026-03-05 11:41:57 status half-configured libcurl4t64:amd64 8.5.0-2ubuntu10.6
2026-03-05 11:41:57 status unpacked libcurl4t64:amd64 8.5.0-2ubuntu10.6
2026-03-05 11:41:57 status half-installed libcurl4t64:amd64 8.5.0-2ubuntu10.6
2026-03-05 11:41:57 status unpacked libcurl4t64:amd64 8.5.0-2ubuntu10.7
2026-03-05 11:41:57 upgrade libcurl3t64-gnutls:amd64 8.5.0-2ubuntu10.6 8.5.0-2ubuntu10.7
2026-03-05 11:41:57 status half-configured libcurl3t64-gnutls:amd64 8.5.0-2ubuntu10.6
2026-03-05 11:41:57 status unpacked libcurl3t64-gnutls:amd64 8.5.0-2ubuntu10.6
2026-03-05 11:41:57 status half-installed libcurl3t64-gnutls:amd64 8.5.0-2ubuntu10.6
2026-03-05 11:41:57 status unpacked libcurl3t64-gnutls:amd64 8.5.0-2ubuntu10.7
2026-03-05 11:41:57 startup packages configure
2026-03-05 11:41:57 configure libcurl4t64:amd64 8.5.0-2ubuntu10.7 <none>
2026-03-05 11:41:57 status unpacked libcurl4t64:amd64 8.5.0-2ubuntu10.7
2026-03-05 11:41:57 status half-configured libcurl4t64:amd64 8.5.0-2ubuntu10.7
2026-03-05 11:41:57 status installed libcurl4t64:amd64 8.5.0-2ubuntu10.7
2026-03-05 11:41:57 configure libcurl3t64-gnutls:amd64 8.5.0-2ubuntu10.7 <none>
2026-03-05 11:41:57 status unpacked libcurl3t64-gnutls:amd64 8.5.0-2ubuntu10.7
2026-03-05 11:41:57 status half-configured libcurl3t64-gnutls:amd64 8.5.0-2ubuntu10.7
2026-03-05 11:41:57 status installed libcurl3t64-gnutls:amd64 8.5.0-2ubuntu10.7
2026-03-05 11:41:57 configure curl:amd64 8.5.0-2ubuntu10.7 <none>
2026-03-05 11:41:57 status unpacked curl:amd64 8.5.0-2ubuntu10.7
2026-03-05 11:41:57 status half-configured curl:amd64 8.5.0-2ubuntu10.7
2026-03-05 11:41:57 status installed curl:amd64 8.5.0-2ubuntu10.7
2026-03-05 11:41:57 trigproc man-db:amd64 2.12.0-4build2 <none>
2026-03-05 11:41:57 status half-configured man-db:amd64 2.12.0-4build2
2026-03-05 11:41:58 status installed man-db:amd64 2.12.0-4build2
2026-03-05 11:41:58 trigproc libc-bin:amd64 2.39-0ubuntu8.7 <none>
2026-03-05 11:41:58 status half-configured libc-bin:amd64 2.39-0ubuntu8.7
2026-03-05 11:41:58 status installed libc-bin:amd64 2.39-0ubuntu8.7
2026-03-05 11:41:59 startup archives unpack
2026-03-05 11:41:59 upgrade libnss3:amd64 2:3.98-1build1 2:3.98-1ubuntu0.1
2026-03-05 11:41:59 status triggers-pending libc-bin:amd64 2.39-0ubuntu8.7
2026-03-05 11:41:59 status half-configured libnss3:amd64 2:3.98-1build1
2026-03-05 11:41:59 status unpacked libnss3:amd64 2:3.98-1build1
2026-03-05 11:41:59 status half-installed libnss3:amd64 2:3.98-1build1
2026-03-05 11:41:59 status unpacked libnss3:amd64 2:3.98-1ubuntu0.1
2026-03-05 11:41:59 startup packages configure
2026-03-05 11:41:59 configure libnss3:amd64 2:3.98-1ubuntu0.1 <none>
2026-03-05 11:41:59 status unpacked libnss3:amd64 2:3.98-1ubuntu0.1
2026-03-05 11:41:59 status half-configured libnss3:amd64 2:3.98-1ubuntu0.1
2026-03-05 11:41:59 status installed libnss3:amd64 2:3.98-1ubuntu0.1
2026-03-05 11:41:59 trigproc libc-bin:amd64 2.39-0ubuntu8.7 <none>
2026-03-05 11:41:59 status half-configured libc-bin:amd64 2.39-0ubuntu8.7
2026-03-05 11:41:59 status installed libc-bin:amd64 2.39-0ubuntu8.7
2026-03-05 15:46:03 startup archives unpack
2026-03-05 15:46:03 install libnl-3-200:amd64 <none> 3.7.0-0.3build1.1
2026-03-05 15:46:03 status triggers-pending libc-bin:amd64 2.39-0ubuntu8.7
2026-03-05 15:46:03 status half-installed libnl-3-200:amd64 3.7.0-0.3build1.1
2026-03-05 15:46:03 status unpacked libnl-3-200:amd64 3.7.0-0.3build1.1
2026-03-05 15:46:03 install libnl-genl-3-200:amd64 <none> 3.7.0-0.3build1.1
2026-03-05 15:46:03 status half-installed libnl-genl-3-200:amd64 3.7.0-0.3build1.1
2026-03-05 15:46:03 status unpacked libnl-genl-3-200:amd64 3.7.0-0.3build1.1
2026-03-05 15:46:03 install htop:amd64 <none> 3.3.0-4build1
2026-03-05 15:46:03 status half-installed htop:amd64 3.3.0-4build1
2026-03-05 15:46:03 status triggers-pending hicolor-icon-theme:all 0.17-2
2026-03-05 15:46:03 status triggers-pending man-db:amd64 2.12.0-4build2
2026-03-05 15:46:03 status unpacked htop:amd64 3.3.0-4build1
2026-03-05 15:46:03 startup packages configure
2026-03-05 15:46:03 configure libnl-3-200:amd64 3.7.0-0.3build1.1 <none>
2026-03-05 15:46:03 status unpacked libnl-3-200:amd64 3.7.0-0.3build1.1
2026-03-05 15:46:03 status half-configured libnl-3-200:amd64 3.7.0-0.3build1.1
2026-03-05 15:46:03 status installed libnl-3-200:amd64 3.7.0-0.3build1.1
2026-03-05 15:46:03 configure libnl-genl-3-200:amd64 3.7.0-0.3build1.1 <none>
2026-03-05 15:46:03 status unpacked libnl-genl-3-200:amd64 3.7.0-0.3build1.1
2026-03-05 15:46:03 status half-configured libnl-genl-3-200:amd64 3.7.0-0.3build1.1
2026-03-05 15:46:03 status installed libnl-genl-3-200:amd64 3.7.0-0.3build1.1
2026-03-05 15:46:03 configure htop:amd64 3.3.0-4build1 <none>
2026-03-05 15:46:03 status unpacked htop:amd64 3.3.0-4build1
2026-03-05 15:46:03 status half-configured htop:amd64 3.3.0-4build1
2026-03-05 15:46:03 status installed htop:amd64 3.3.0-4build1
2026-03-05 15:46:03 trigproc man-db:amd64 2.12.0-4build2 <none>
2026-03-05 15:46:03 status half-configured man-db:amd64 2.12.0-4build2
2026-03-05 15:46:04 status installed man-db:amd64 2.12.0-4build2
2026-03-05 15:46:04 trigproc hicolor-icon-theme:all 0.17-2 <none>
2026-03-05 15:46:04 status half-configured hicolor-icon-theme:all 0.17-2
2026-03-05 15:46:04 status installed hicolor-icon-theme:all 0.17-2
2026-03-05 15:46:04 trigproc libc-bin:amd64 2.39-0ubuntu8.7 <none>
2026-03-05 15:46:04 status half-configured libc-bin:amd64 2.39-0ubuntu8.7
2026-03-05 15:46:04 status installed libc-bin:amd64 2.39-0ubuntu8.7
2026-03-09 12:43:22 startup packages remove
2026-03-09 12:43:22 status installed htop:amd64 3.3.0-4build1
2026-03-09 12:43:23 remove htop:amd64 3.3.0-4build1 <none>
2026-03-09 12:43:23 status half-configured htop:amd64 3.3.0-4build1
2026-03-09 12:43:23 status half-installed htop:amd64 3.3.0-4build1
2026-03-09 12:43:23 status triggers-pending man-db:amd64 2.12.0-4build2
2026-03-09 12:43:23 status triggers-pending hicolor-icon-theme:all 0.17-2
2026-03-09 12:43:23 status config-files htop:amd64 3.3.0-4build1
2026-03-09 12:43:23 status not-installed htop:amd64 <none>
2026-03-09 12:43:23 startup packages configure
2026-03-09 12:43:23 trigproc man-db:amd64 2.12.0-4build2 <none>
2026-03-09 12:43:23 status half-configured man-db:amd64 2.12.0-4build2
2026-03-09 12:43:25 status installed man-db:amd64 2.12.0-4build2
2026-03-09 12:43:25 trigproc hicolor-icon-theme:all 0.17-2 <none>
2026-03-09 12:43:25 status half-configured hicolor-icon-theme:all 0.17-2
2026-03-09 12:43:25 status installed hicolor-icon-theme:all 0.17-2
2026-03-09 12:43:36 startup archives unpack
2026-03-09 12:43:36 install htop:amd64 <none> 3.3.0-4build1
2026-03-09 12:43:36 status half-installed htop:amd64 3.3.0-4build1
2026-03-09 12:43:37 status triggers-pending hicolor-icon-theme:all 0.17-2
2026-03-09 12:43:37 status triggers-pending man-db:amd64 2.12.0-4build2
2026-03-09 12:43:37 status unpacked htop:amd64 3.3.0-4build1
2026-03-09 12:43:37 startup packages configure
2026-03-09 12:43:37 configure htop:amd64 3.3.0-4build1 <none>
2026-03-09 12:43:37 status unpacked htop:amd64 3.3.0-4build1
2026-03-09 12:43:37 status half-configured htop:amd64 3.3.0-4build1
2026-03-09 12:43:37 status installed htop:amd64 3.3.0-4build1
2026-03-09 12:43:37 trigproc hicolor-icon-theme:all 0.17-2 <none>
2026-03-09 12:43:37 status half-configured hicolor-icon-theme:all 0.17-2
2026-03-09 12:43:37 status installed hicolor-icon-theme:all 0.17-2
2026-03-09 12:43:37 trigproc man-db:amd64 2.12.0-4build2 <none>
2026-03-09 12:43:37 status half-configured man-db:amd64 2.12.0-4build2
2026-03-09 12:43:38 status installed man-db:amd64 2.12.0-4build2
2026-03-09 12:55:57 startup packages remove
2026-03-09 12:55:57 status installed htop:amd64 3.3.0-4build1
2026-03-09 12:55:58 remove htop:amd64 3.3.0-4build1 <none>
2026-03-09 12:55:58 status half-configured htop:amd64 3.3.0-4build1
2026-03-09 12:55:58 status half-installed htop:amd64 3.3.0-4build1
2026-03-09 12:55:58 status triggers-pending man-db:amd64 2.12.0-4build2
2026-03-09 12:55:58 status triggers-pending hicolor-icon-theme:all 0.17-2
2026-03-09 12:55:58 status config-files htop:amd64 3.3.0-4build1
2026-03-09 12:55:58 status not-installed htop:amd64 <none>
2026-03-09 12:55:58 startup packages configure
2026-03-09 12:55:58 trigproc man-db:amd64 2.12.0-4build2 <none>
2026-03-09 12:55:58 status half-configured man-db:amd64 2.12.0-4build2
2026-03-09 12:56:00 status installed man-db:amd64 2.12.0-4build2
2026-03-09 12:56:00 trigproc hicolor-icon-theme:all 0.17-2 <none>
2026-03-09 12:56:00 status half-configured hicolor-icon-theme:all 0.17-2
2026-03-09 12:56:00 status installed hicolor-icon-theme:all 0.17-2
2026-03-09 12:56:17 startup archives unpack
2026-03-09 12:56:18 install htop:amd64 <none> 3.3.0-4build1
2026-03-09 12:56:18 status half-installed htop:amd64 3.3.0-4build1
2026-03-09 12:56:18 status triggers-pending hicolor-icon-theme:all 0.17-2
2026-03-09 12:56:18 status triggers-pending man-db:amd64 2.12.0-4build2
2026-03-09 12:56:18 status unpacked htop:amd64 3.3.0-4build1
2026-03-09 12:56:18 startup packages configure
2026-03-09 12:56:18 configure htop:amd64 3.3.0-4build1 <none>
2026-03-09 12:56:18 status unpacked htop:amd64 3.3.0-4build1
2026-03-09 12:56:18 status half-configured htop:amd64 3.3.0-4build1
2026-03-09 12:56:18 status installed htop:amd64 3.3.0-4build1
2026-03-09 12:56:18 trigproc hicolor-icon-theme:all 0.17-2 <none>
2026-03-09 12:56:18 status half-configured hicolor-icon-theme:all 0.17-2
2026-03-09 12:56:18 status installed hicolor-icon-theme:all 0.17-2
2026-03-09 12:56:18 trigproc man-db:amd64 2.12.0-4build2 <none>
2026-03-09 12:56:18 status half-configured man-db:amd64 2.12.0-4build2
2026-03-09 12:56:19 status installed man-db:amd64 2.12.0-4build2
2026-03-09 13:31:26 startup packages remove
2026-03-09 13:31:26 status installed htop:amd64 3.3.0-4build1
2026-03-09 13:31:26 remove htop:amd64 3.3.0-4build1 <none>
2026-03-09 13:31:26 status half-configured htop:amd64 3.3.0-4build1
2026-03-09 13:31:26 status half-installed htop:amd64 3.3.0-4build1
2026-03-09 13:31:25 status triggers-pending man-db:amd64 2.12.0-4build2
2026-03-09 13:31:25 status triggers-pending hicolor-icon-theme:all 0.17-2
2026-03-09 13:31:25 status config-files htop:amd64 3.3.0-4build1
2026-03-09 13:31:25 status not-installed htop:amd64 <none>
2026-03-09 13:31:25 startup packages configure
2026-03-09 13:31:25 trigproc man-db:amd64 2.12.0-4build2 <none>
2026-03-09 13:31:25 status half-configured man-db:amd64 2.12.0-4build2
2026-03-09 13:31:27 status installed man-db:amd64 2.12.0-4build2
2026-03-09 13:31:27 trigproc hicolor-icon-theme:all 0.17-2 <none>
2026-03-09 13:31:27 status half-configured hicolor-icon-theme:all 0.17-2
2026-03-09 13:31:27 status installed hicolor-icon-theme:all 0.17-2
2026-03-09 13:31:40 startup archives unpack
2026-03-09 13:31:40 install htop:amd64 <none> 3.3.0-4build1
2026-03-09 13:31:40 status half-installed htop:amd64 3.3.0-4build1
2026-03-09 13:31:41 status triggers-pending hicolor-icon-theme:all 0.17-2
2026-03-09 13:31:41 status triggers-pending man-db:amd64 2.12.0-4build2
2026-03-09 13:31:41 status unpacked htop:amd64 3.3.0-4build1
2026-03-09 13:31:41 startup packages configure
2026-03-09 13:31:41 configure htop:amd64 3.3.0-4build1 <none>
2026-03-09 13:31:41 status unpacked htop:amd64 3.3.0-4build1
2026-03-09 13:31:41 status half-configured htop:amd64 3.3.0-4build1
2026-03-09 13:31:41 status installed htop:amd64 3.3.0-4build1
2026-03-09 13:31:41 trigproc hicolor-icon-theme:all 0.17-2 <none>
2026-03-09 13:31:41 status half-configured hicolor-icon-theme:all 0.17-2
2026-03-09 13:31:41 status installed hicolor-icon-theme:all 0.17-2
2026-03-09 13:31:41 trigproc man-db:amd64 2.12.0-4build2 <none>
2026-03-09 13:31:41 status half-configured man-db:amd64 2.12.0-4build2
2026-03-09 13:31:42 status installed man-db:amd64 2.12.0-4build2
2026-03-10 14:46:50 startup archives unpack
2026-03-10 14:46:51 upgrade motd-news-config:all 13ubuntu10.2 13ubuntu10.4
2026-03-10 14:46:51 status half-configured motd-news-config:all 13ubuntu10.2
2026-03-10 14:46:51 status unpacked motd-news-config:all 13ubuntu10.2
2026-03-10 14:46:51 status half-installed motd-news-config:all 13ubuntu10.2
2026-03-10 14:46:51 status unpacked motd-news-config:all 13ubuntu10.4
2026-03-10 14:46:51 upgrade base-files:amd64 13ubuntu10.2 13ubuntu10.4
2026-03-10 14:46:51 status half-configured base-files:amd64 13ubuntu10.2
2026-03-10 14:46:51 status unpacked base-files:amd64 13ubuntu10.2
2026-03-10 14:46:51 status half-installed base-files:amd64 13ubuntu10.2
2026-03-10 14:46:51 status triggers-pending install-info:amd64 7.1-3build2
2026-03-10 14:46:51 status triggers-pending man-db:amd64 2.12.0-4build2
2026-03-10 14:46:52 status unpacked base-files:amd64 13ubuntu10.4
2026-03-10 14:46:52 startup packages configure
2026-03-10 14:46:52 configure base-files:amd64 13ubuntu10.4 <none>
2026-03-10 14:46:52 status unpacked base-files:amd64 13ubuntu10.4
2026-03-10 14:46:52 status half-configured base-files:amd64 13ubuntu10.4
2026-03-10 14:46:53 status installed base-files:amd64 13ubuntu10.4
2026-03-10 14:46:54 startup archives unpack
2026-03-10 14:46:54 upgrade bsdutils:amd64 1:2.39.3-9ubuntu6.2 1:2.39.3-9ubuntu6.4
2026-03-10 14:46:54 status half-configured bsdutils:amd64 1:2.39.3-9ubuntu6.2
2026-03-10 14:46:54 status unpacked bsdutils:amd64 1:2.39.3-9ubuntu6.2
2026-03-10 14:46:54 status half-installed bsdutils:amd64 1:2.39.3-9ubuntu6.2
2026-03-10 14:46:54 status unpacked bsdutils:amd64 1:2.39.3-9ubuntu6.4
2026-03-10 14:46:54 startup packages configure
2026-03-10 14:46:54 configure bsdutils:amd64 1:2.39.3-9ubuntu6.4 <none>
2026-03-10 14:46:54 status unpacked bsdutils:amd64 1:2.39.3-9ubuntu6.4
2026-03-10 14:46:54 status half-configured bsdutils:amd64 1:2.39.3-9ubuntu6.4
2026-03-10 14:46:54 status installed bsdutils:amd64 1:2.39.3-9ubuntu6.4
2026-03-10 14:46:54 startup archives unpack
2026-03-10 14:46:54 upgrade coreutils:amd64 9.4-3ubuntu6 9.4-3ubuntu6.1
2026-03-10 14:46:54 status half-configured coreutils:amd64 9.4-3ubuntu6
2026-03-10 14:46:54 status unpacked coreutils:amd64 9.4-3ubuntu6
2026-03-10 14:46:54 status half-installed coreutils:amd64 9.4-3ubuntu6
2026-03-10 14:46:55 status unpacked coreutils:amd64 9.4-3ubuntu6.1
2026-03-10 14:46:55 startup packages configure
2026-03-10 14:46:55 configure coreutils:amd64 9.4-3ubuntu6.1 <none>
2026-03-10 14:46:55 status unpacked coreutils:amd64 9.4-3ubuntu6.1
2026-03-10 14:46:55 status half-configured coreutils:amd64 9.4-3ubuntu6.1
2026-03-10 14:46:55 status installed coreutils:amd64 9.4-3ubuntu6.1
2026-03-10 14:46:55 startup archives unpack
2026-03-10 14:46:55 upgrade gzip:amd64 1.12-1ubuntu3 1.12-1ubuntu3.1
2026-03-10 14:46:55 status half-configured gzip:amd64 1.12-1ubuntu3
2026-03-10 14:46:55 status unpacked gzip:amd64 1.12-1ubuntu3
2026-03-10 14:46:55 status half-installed gzip:amd64 1.12-1ubuntu3
2026-03-10 14:46:55 status unpacked gzip:amd64 1.12-1ubuntu3.1
2026-03-10 14:46:55 startup packages configure
2026-03-10 14:46:55 configure gzip:amd64 1.12-1ubuntu3.1 <none>
2026-03-10 14:46:55 status unpacked gzip:amd64 1.12-1ubuntu3.1
2026-03-10 14:46:55 status half-configured gzip:amd64 1.12-1ubuntu3.1
2026-03-10 14:46:55 status installed gzip:amd64 1.12-1ubuntu3.1
2026-03-10 14:46:55 startup archives unpack
2026-03-10 14:46:55 upgrade util-linux:amd64 2.39.3-9ubuntu6.2 2.39.3-9ubuntu6.4
2026-03-10 14:46:55 status half-configured util-linux:amd64 2.39.3-9ubuntu6.2
2026-03-10 14:46:55 status unpacked util-linux:amd64 2.39.3-9ubuntu6.2
2026-03-10 14:46:55 status half-installed util-linux:amd64 2.39.3-9ubuntu6.2
2026-03-10 14:46:56 status unpacked util-linux:amd64 2.39.3-9ubuntu6.4
2026-03-10 14:46:56 startup packages configure
2026-03-10 14:46:56 configure util-linux:amd64 2.39.3-9ubuntu6.4 <none>
2026-03-10 14:46:56 status unpacked util-linux:amd64 2.39.3-9ubuntu6.4
2026-03-10 14:46:56 status half-configured util-linux:amd64 2.39.3-9ubuntu6.4
2026-03-10 14:46:57 status installed util-linux:amd64 2.39.3-9ubuntu6.4
2026-03-10 14:46:57 startup archives unpack
2026-03-10 14:46:57 upgrade systemd-timesyncd:amd64 255.4-1ubuntu8.8 255.4-1ubuntu8.12
2026-03-10 14:46:57 status half-configured systemd-timesyncd:amd64 255.4-1ubuntu8.8
2026-03-10 14:46:57 status unpacked systemd-timesyncd:amd64 255.4-1ubuntu8.8
2026-03-10 14:46:57 status half-installed systemd-timesyncd:amd64 255.4-1ubuntu8.8
2026-03-10 14:46:57 status triggers-pending dbus:amd64 1.14.10-4ubuntu4.1
2026-03-10 14:46:57 status unpacked systemd-timesyncd:amd64 255.4-1ubuntu8.12
2026-03-10 14:46:58 upgrade systemd-resolved:amd64 255.4-1ubuntu8.8 255.4-1ubuntu8.12
2026-03-10 14:46:58 status half-configured systemd-resolved:amd64 255.4-1ubuntu8.8
2026-03-10 14:46:58 status unpacked systemd-resolved:amd64 255.4-1ubuntu8.8
2026-03-10 14:46:58 status half-installed systemd-resolved:amd64 255.4-1ubuntu8.8
2026-03-10 14:46:58 status unpacked systemd-resolved:amd64 255.4-1ubuntu8.12
2026-03-10 14:46:58 upgrade libapparmor1:amd64 4.0.1really4.0.1-0ubuntu0.24.04.3 4.0.1really4.0.1-0ubuntu0.24.04.5
2026-03-10 14:46:58 status triggers-pending libc-bin:amd64 2.39-0ubuntu8.7
2026-03-10 14:46:58 status half-configured libapparmor1:amd64 4.0.1really4.0.1-0ubuntu0.24.04.3
2026-03-10 14:46:58 status unpacked libapparmor1:amd64 4.0.1really4.0.1-0ubuntu0.24.04.3
2026-03-10 14:46:58 status half-installed libapparmor1:amd64 4.0.1really4.0.1-0ubuntu0.24.04.3
2026-03-10 14:46:58 status unpacked libapparmor1:amd64 4.0.1really4.0.1-0ubuntu0.24.04.5
2026-03-10 14:46:58 upgrade libblkid1:amd64 2.39.3-9ubuntu6.2 2.39.3-9ubuntu6.4
2026-03-10 14:46:58 status half-configured libblkid1:amd64 2.39.3-9ubuntu6.2
2026-03-10 14:46:58 status unpacked libblkid1:amd64 2.39.3-9ubuntu6.2
2026-03-10 14:46:58 status half-installed libblkid1:amd64 2.39.3-9ubuntu6.2
2026-03-10 14:46:58 status unpacked libblkid1:amd64 2.39.3-9ubuntu6.4
2026-03-10 14:46:58 startup packages configure
2026-03-10 14:46:58 configure libblkid1:amd64 2.39.3-9ubuntu6.4 <none>
2026-03-10 14:46:58 status unpacked libblkid1:amd64 2.39.3-9ubuntu6.4
2026-03-10 14:46:58 status half-configured libblkid1:amd64 2.39.3-9ubuntu6.4
2026-03-10 14:46:58 status installed libblkid1:amd64 2.39.3-9ubuntu6.4
2026-03-10 14:46:58 startup archives unpack
2026-03-10 14:46:58 upgrade libmount1:amd64 2.39.3-9ubuntu6.2 2.39.3-9ubuntu6.4
2026-03-10 14:46:58 status half-configured libmount1:amd64 2.39.3-9ubuntu6.2
2026-03-10 14:46:58 status unpacked libmount1:amd64 2.39.3-9ubuntu6.2
2026-03-10 14:46:58 status half-installed libmount1:amd64 2.39.3-9ubuntu6.2
2026-03-10 14:46:58 status unpacked libmount1:amd64 2.39.3-9ubuntu6.4
2026-03-10 14:46:59 startup packages configure
2026-03-10 14:46:59 configure libmount1:amd64 2.39.3-9ubuntu6.4 <none>
2026-03-10 14:46:59 status unpacked libmount1:amd64 2.39.3-9ubuntu6.4
2026-03-10 14:46:59 status half-configured libmount1:amd64 2.39.3-9ubuntu6.4
2026-03-10 14:46:59 status installed libmount1:amd64 2.39.3-9ubuntu6.4
2026-03-10 14:46:59 startup archives unpack
2026-03-10 14:46:59 upgrade libnss-systemd:amd64 255.4-1ubuntu8.8 255.4-1ubuntu8.12
2026-03-10 14:46:59 status half-configured libnss-systemd:amd64 255.4-1ubuntu8.8
2026-03-10 14:46:59 status unpacked libnss-systemd:amd64 255.4-1ubuntu8.8
2026-03-10 14:46:59 status half-installed libnss-systemd:amd64 255.4-1ubuntu8.8
2026-03-10 14:46:59 status unpacked libnss-systemd:amd64 255.4-1ubuntu8.12
2026-03-10 14:46:59 upgrade systemd-dev:all 255.4-1ubuntu8.8 255.4-1ubuntu8.12
2026-03-10 14:46:59 status half-configured systemd-dev:all 255.4-1ubuntu8.8
2026-03-10 14:46:59 status unpacked systemd-dev:all 255.4-1ubuntu8.8
2026-03-10 14:46:59 status half-installed systemd-dev:all 255.4-1ubuntu8.8
2026-03-10 14:46:59 status unpacked systemd-dev:all 255.4-1ubuntu8.12
2026-03-10 14:46:59 upgrade systemd:amd64 255.4-1ubuntu8.8 255.4-1ubuntu8.12
2026-03-10 14:46:59 status half-configured systemd:amd64 255.4-1ubuntu8.8
2026-03-10 14:46:59 status unpacked systemd:amd64 255.4-1ubuntu8.8
2026-03-10 14:46:59 status half-installed systemd:amd64 255.4-1ubuntu8.8
2026-03-10 14:47:00 status unpacked systemd:amd64 255.4-1ubuntu8.12
2026-03-10 14:47:00 upgrade udev:amd64 255.4-1ubuntu8.8 255.4-1ubuntu8.12
2026-03-10 14:47:00 status half-configured udev:amd64 255.4-1ubuntu8.8
2026-03-10 14:47:00 status unpacked udev:amd64 255.4-1ubuntu8.8
2026-03-10 14:47:00 status half-installed udev:amd64 255.4-1ubuntu8.8
2026-03-10 14:47:01 status unpacked udev:amd64 255.4-1ubuntu8.12
2026-03-10 14:47:01 upgrade libsystemd-shared:amd64 255.4-1ubuntu8.8 255.4-1ubuntu8.12
2026-03-10 14:47:01 status half-configured libsystemd-shared:amd64 255.4-1ubuntu8.8
2026-03-10 14:47:01 status unpacked libsystemd-shared:amd64 255.4-1ubuntu8.8
2026-03-10 14:47:01 status half-installed libsystemd-shared:amd64 255.4-1ubuntu8.8
2026-03-10 14:47:01 status unpacked libsystemd-shared:amd64 255.4-1ubuntu8.12
2026-03-10 14:47:01 startup packages configure
2026-03-10 14:47:01 configure libapparmor1:amd64 4.0.1really4.0.1-0ubuntu0.24.04.5 <none>
2026-03-10 14:47:01 status unpacked libapparmor1:amd64 4.0.1really4.0.1-0ubuntu0.24.04.5
2026-03-10 14:47:01 status half-configured libapparmor1:amd64 4.0.1really4.0.1-0ubuntu0.24.04.5
2026-03-10 14:47:01 status installed libapparmor1:amd64 4.0.1really4.0.1-0ubuntu0.24.04.5
2026-03-10 14:47:01 configure libsystemd-shared:amd64 255.4-1ubuntu8.12 <none>
2026-03-10 14:47:01 status unpacked libsystemd-shared:amd64 255.4-1ubuntu8.12
2026-03-10 14:47:01 status half-configured libsystemd-shared:amd64 255.4-1ubuntu8.12
2026-03-10 14:47:01 status installed libsystemd-shared:amd64 255.4-1ubuntu8.12
2026-03-10 14:47:01 startup archives unpack
2026-03-10 14:47:01 upgrade libsystemd0:amd64 255.4-1ubuntu8.8 255.4-1ubuntu8.12
2026-03-10 14:47:01 status half-configured libsystemd0:amd64 255.4-1ubuntu8.8
2026-03-10 14:47:01 status unpacked libsystemd0:amd64 255.4-1ubuntu8.8
2026-03-10 14:47:01 status half-installed libsystemd0:amd64 255.4-1ubuntu8.8
2026-03-10 14:47:01 status unpacked libsystemd0:amd64 255.4-1ubuntu8.12
2026-03-10 14:47:02 startup packages configure
2026-03-10 14:47:02 configure libsystemd0:amd64 255.4-1ubuntu8.12 <none>
2026-03-10 14:47:02 status unpacked libsystemd0:amd64 255.4-1ubuntu8.12
2026-03-10 14:47:02 status half-configured libsystemd0:amd64 255.4-1ubuntu8.12
2026-03-10 14:47:02 status installed libsystemd0:amd64 255.4-1ubuntu8.12
2026-03-10 14:47:02 configure systemd-dev:all 255.4-1ubuntu8.12 <none>
2026-03-10 14:47:02 status unpacked systemd-dev:all 255.4-1ubuntu8.12
2026-03-10 14:47:02 status half-configured systemd-dev:all 255.4-1ubuntu8.12
2026-03-10 14:47:02 status installed systemd-dev:all 255.4-1ubuntu8.12
2026-03-10 14:47:02 configure systemd:amd64 255.4-1ubuntu8.12 <none>
2026-03-10 14:47:02 status unpacked systemd:amd64 255.4-1ubuntu8.12
2026-03-10 14:47:02 status half-configured systemd:amd64 255.4-1ubuntu8.12
2026-03-10 14:47:03 status installed systemd:amd64 255.4-1ubuntu8.12
2026-03-10 14:47:03 startup archives unpack
2026-03-10 14:47:03 upgrade systemd-sysv:amd64 255.4-1ubuntu8.8 255.4-1ubuntu8.12
2026-03-10 14:47:03 status half-configured systemd-sysv:amd64 255.4-1ubuntu8.8
2026-03-10 14:47:03 status unpacked systemd-sysv:amd64 255.4-1ubuntu8.8
2026-03-10 14:47:03 status half-installed systemd-sysv:amd64 255.4-1ubuntu8.8
2026-03-10 14:47:03 status unpacked systemd-sysv:amd64 255.4-1ubuntu8.12
2026-03-10 14:47:03 upgrade libpam-systemd:amd64 255.4-1ubuntu8.8 255.4-1ubuntu8.12
2026-03-10 14:47:03 status half-configured libpam-systemd:amd64 255.4-1ubuntu8.8
2026-03-10 14:47:03 status unpacked libpam-systemd:amd64 255.4-1ubuntu8.8
2026-03-10 14:47:03 status half-installed libpam-systemd:amd64 255.4-1ubuntu8.8
2026-03-10 14:47:03 status unpacked libpam-systemd:amd64 255.4-1ubuntu8.12
2026-03-10 14:47:03 upgrade libudev1:amd64 255.4-1ubuntu8.8 255.4-1ubuntu8.12
2026-03-10 14:47:03 status half-configured libudev1:amd64 255.4-1ubuntu8.8
2026-03-10 14:47:03 status unpacked libudev1:amd64 255.4-1ubuntu8.8
2026-03-10 14:47:03 status half-installed libudev1:amd64 255.4-1ubuntu8.8
2026-03-10 14:47:03 status unpacked libudev1:amd64 255.4-1ubuntu8.12
2026-03-10 14:47:03 startup packages configure
2026-03-10 14:47:03 configure libudev1:amd64 255.4-1ubuntu8.12 <none>
2026-03-10 14:47:03 status unpacked libudev1:amd64 255.4-1ubuntu8.12
2026-03-10 14:47:03 status half-configured libudev1:amd64 255.4-1ubuntu8.12
2026-03-10 14:47:03 status installed libudev1:amd64 255.4-1ubuntu8.12
2026-03-10 14:47:03 startup archives unpack
2026-03-10 14:47:03 upgrade libdevmapper1.02.1:amd64 2:1.02.185-3ubuntu3.1 2:1.02.185-3ubuntu3.2
2026-03-10 14:47:03 status half-configured libdevmapper1.02.1:amd64 2:1.02.185-3ubuntu3.1
2026-03-10 14:47:03 status unpacked libdevmapper1.02.1:amd64 2:1.02.185-3ubuntu3.1
2026-03-10 14:47:04 status half-installed libdevmapper1.02.1:amd64 2:1.02.185-3ubuntu3.1
2026-03-10 14:47:04 status unpacked libdevmapper1.02.1:amd64 2:1.02.185-3ubuntu3.2
2026-03-10 14:47:04 upgrade libuuid1:amd64 2.39.3-9ubuntu6.2 2.39.3-9ubuntu6.4
2026-03-10 14:47:04 status half-configured libuuid1:amd64 2.39.3-9ubuntu6.2
2026-03-10 14:47:04 status unpacked libuuid1:amd64 2.39.3-9ubuntu6.2
2026-03-10 14:47:04 status half-installed libuuid1:amd64 2.39.3-9ubuntu6.2
2026-03-10 14:47:04 status unpacked libuuid1:amd64 2.39.3-9ubuntu6.4
2026-03-10 14:47:04 startup packages configure
2026-03-10 14:47:04 configure libuuid1:amd64 2.39.3-9ubuntu6.4 <none>
2026-03-10 14:47:04 status unpacked libuuid1:amd64 2.39.3-9ubuntu6.4
2026-03-10 14:47:04 status half-configured libuuid1:amd64 2.39.3-9ubuntu6.4
2026-03-10 14:47:04 status installed libuuid1:amd64 2.39.3-9ubuntu6.4
2026-03-10 14:47:04 startup archives unpack
2026-03-10 14:47:04 upgrade libcryptsetup12:amd64 2:2.7.0-1ubuntu4.1 2:2.7.0-1ubuntu4.2
2026-03-10 14:47:04 status half-configured libcryptsetup12:amd64 2:2.7.0-1ubuntu4.1
2026-03-10 14:47:04 status unpacked libcryptsetup12:amd64 2:2.7.0-1ubuntu4.1
2026-03-10 14:47:04 status half-installed libcryptsetup12:amd64 2:2.7.0-1ubuntu4.1
2026-03-10 14:47:04 status unpacked libcryptsetup12:amd64 2:2.7.0-1ubuntu4.2
2026-03-10 14:47:04 upgrade libfdisk1:amd64 2.39.3-9ubuntu6.2 2.39.3-9ubuntu6.4
2026-03-10 14:47:04 status half-configured libfdisk1:amd64 2.39.3-9ubuntu6.2
2026-03-10 14:47:04 status unpacked libfdisk1:amd64 2.39.3-9ubuntu6.2
2026-03-10 14:47:04 status half-installed libfdisk1:amd64 2.39.3-9ubuntu6.2
2026-03-10 14:47:04 status unpacked libfdisk1:amd64 2.39.3-9ubuntu6.4
2026-03-10 14:47:04 upgrade mount:amd64 2.39.3-9ubuntu6.2 2.39.3-9ubuntu6.4
2026-03-10 14:47:04 status half-configured mount:amd64 2.39.3-9ubuntu6.2
2026-03-10 14:47:04 status unpacked mount:amd64 2.39.3-9ubuntu6.2
2026-03-10 14:47:04 status half-installed mount:amd64 2.39.3-9ubuntu6.2
2026-03-10 14:47:04 status unpacked mount:amd64 2.39.3-9ubuntu6.4
2026-03-10 14:47:04 upgrade libapt-pkg6.0t64:amd64 2.7.14build2 2.8.3
2026-03-10 14:47:04 status half-configured libapt-pkg6.0t64:amd64 2.7.14build2
2026-03-10 14:47:04 status unpacked libapt-pkg6.0t64:amd64 2.7.14build2
2026-03-10 14:47:04 status half-installed libapt-pkg6.0t64:amd64 2.7.14build2
2026-03-10 14:47:05 status unpacked libapt-pkg6.0t64:amd64 2.8.3
2026-03-10 14:47:05 startup packages configure
2026-03-10 14:47:05 configure libapt-pkg6.0t64:amd64 2.8.3 <none>
2026-03-10 14:47:05 status unpacked libapt-pkg6.0t64:amd64 2.8.3
2026-03-10 14:47:05 status half-configured libapt-pkg6.0t64:amd64 2.8.3
2026-03-10 14:47:05 status installed libapt-pkg6.0t64:amd64 2.8.3
2026-03-10 14:47:05 startup archives unpack
2026-03-10 14:47:05 upgrade apt:amd64 2.7.14build2 2.8.3
2026-03-10 14:47:05 status half-configured apt:amd64 2.7.14build2
2026-03-10 14:47:05 status unpacked apt:amd64 2.7.14build2
2026-03-10 14:47:05 status half-installed apt:amd64 2.7.14build2
2026-03-10 14:47:05 status unpacked apt:amd64 2.8.3
2026-03-10 14:47:05 startup packages configure
2026-03-10 14:47:05 configure apt:amd64 2.8.3 <none>
2026-03-10 14:47:05 status unpacked apt:amd64 2.8.3
2026-03-10 14:47:06 status half-configured apt:amd64 2.8.3
2026-03-10 14:47:07 status installed apt:amd64 2.8.3
2026-03-10 14:47:07 startup archives unpack
2026-03-10 14:47:07 upgrade apt-utils:amd64 2.7.14build2 2.8.3
2026-03-10 14:47:07 status half-configured apt-utils:amd64 2.7.14build2
2026-03-10 14:47:07 status unpacked apt-utils:amd64 2.7.14build2
2026-03-10 14:47:07 status half-installed apt-utils:amd64 2.7.14build2
2026-03-10 14:47:07 status unpacked apt-utils:amd64 2.8.3
2026-03-10 14:47:07 upgrade libdrm-common:all 2.4.122-1~ubuntu0.24.04.1 2.4.125-1ubuntu0.1~24.04.1
2026-03-10 14:47:07 status half-configured libdrm-common:all 2.4.122-1~ubuntu0.24.04.1
2026-03-10 14:47:07 status unpacked libdrm-common:all 2.4.122-1~ubuntu0.24.04.1
2026-03-10 14:47:07 status half-installed libdrm-common:all 2.4.122-1~ubuntu0.24.04.1
2026-03-10 14:47:07 status unpacked libdrm-common:all 2.4.125-1ubuntu0.1~24.04.1
2026-03-10 14:47:07 upgrade libdrm2:amd64 2.4.122-1~ubuntu0.24.04.1 2.4.125-1ubuntu0.1~24.04.1
2026-03-10 14:47:07 status half-configured libdrm2:amd64 2.4.122-1~ubuntu0.24.04.1
2026-03-10 14:47:07 status unpacked libdrm2:amd64 2.4.122-1~ubuntu0.24.04.1
2026-03-10 14:47:07 status half-installed libdrm2:amd64 2.4.122-1~ubuntu0.24.04.1
2026-03-10 14:47:08 status unpacked libdrm2:amd64 2.4.125-1ubuntu0.1~24.04.1
2026-03-10 14:47:08 upgrade libgl1-mesa-dri:amd64 24.2.8-1ubuntu1~24.04.1 25.2.8-0ubuntu0.24.04.1
2026-03-10 14:47:08 status half-configured libgl1-mesa-dri:amd64 24.2.8-1ubuntu1~24.04.1
2026-03-10 14:47:08 status unpacked libgl1-mesa-dri:amd64 24.2.8-1ubuntu1~24.04.1
2026-03-10 14:47:08 status half-installed libgl1-mesa-dri:amd64 24.2.8-1ubuntu1~24.04.1
2026-03-10 14:47:08 status unpacked libgl1-mesa-dri:amd64 25.2.8-0ubuntu0.24.04.1
2026-03-10 14:47:08 upgrade libglx-mesa0:amd64 24.2.8-1ubuntu1~24.04.1 25.2.8-0ubuntu0.24.04.1
2026-03-10 14:47:08 status half-configured libglx-mesa0:amd64 24.2.8-1ubuntu1~24.04.1
2026-03-10 14:47:08 status unpacked libglx-mesa0:amd64 24.2.8-1ubuntu1~24.04.1
2026-03-10 14:47:08 status half-installed libglx-mesa0:amd64 24.2.8-1ubuntu1~24.04.1
2026-03-10 14:47:08 status unpacked libglx-mesa0:amd64 25.2.8-0ubuntu0.24.04.1
2026-03-10 14:47:08 upgrade libdrm-amdgpu1:amd64 2.4.122-1~ubuntu0.24.04.1 2.4.125-1ubuntu0.1~24.04.1
2026-03-10 14:47:08 status half-configured libdrm-amdgpu1:amd64 2.4.122-1~ubuntu0.24.04.1
2026-03-10 14:47:08 status unpacked libdrm-amdgpu1:amd64 2.4.122-1~ubuntu0.24.04.1
2026-03-10 14:47:08 status half-installed libdrm-amdgpu1:amd64 2.4.122-1~ubuntu0.24.04.1
2026-03-10 14:47:08 status unpacked libdrm-amdgpu1:amd64 2.4.125-1ubuntu0.1~24.04.1
2026-03-10 14:47:08 upgrade libpciaccess0:amd64 0.17-3build1 0.17-3ubuntu0.24.04.2
2026-03-10 14:47:08 status half-configured libpciaccess0:amd64 0.17-3build1
2026-03-10 14:47:08 status unpacked libpciaccess0:amd64 0.17-3build1
2026-03-10 14:47:08 status half-installed libpciaccess0:amd64 0.17-3build1
2026-03-10 14:47:08 status unpacked libpciaccess0:amd64 0.17-3ubuntu0.24.04.2
2026-03-10 14:47:09 upgrade libdrm-intel1:amd64 2.4.122-1~ubuntu0.24.04.1 2.4.125-1ubuntu0.1~24.04.1
2026-03-10 14:47:09 status half-configured libdrm-intel1:amd64 2.4.122-1~ubuntu0.24.04.1
2026-03-10 14:47:09 status unpacked libdrm-intel1:amd64 2.4.122-1~ubuntu0.24.04.1
2026-03-10 14:47:09 status half-installed libdrm-intel1:amd64 2.4.122-1~ubuntu0.24.04.1
2026-03-10 14:47:09 status unpacked libdrm-intel1:amd64 2.4.125-1ubuntu0.1~24.04.1
2026-03-10 14:47:09 install libllvm20:amd64 <none> 1:20.1.2-0ubuntu1~24.04.2
2026-03-10 14:47:09 status half-installed libllvm20:amd64 1:20.1.2-0ubuntu1~24.04.2
2026-03-10 14:47:12 status unpacked libllvm20:amd64 1:20.1.2-0ubuntu1~24.04.2
2026-03-10 14:47:12 upgrade libegl-mesa0:amd64 24.2.8-1ubuntu1~24.04.1 25.2.8-0ubuntu0.24.04.1
2026-03-10 14:47:12 status half-configured libegl-mesa0:amd64 24.2.8-1ubuntu1~24.04.1
2026-03-10 14:47:12 status unpacked libegl-mesa0:amd64 24.2.8-1ubuntu1~24.04.1
2026-03-10 14:47:12 status half-installed libegl-mesa0:amd64 24.2.8-1ubuntu1~24.04.1
2026-03-10 14:47:12 status unpacked libegl-mesa0:amd64 25.2.8-0ubuntu0.24.04.1
2026-03-10 14:47:12 upgrade libgbm1:amd64 24.2.8-1ubuntu1~24.04.1 25.2.8-0ubuntu0.24.04.1
2026-03-10 14:47:12 status half-configured libgbm1:amd64 24.2.8-1ubuntu1~24.04.1
2026-03-10 14:47:12 status unpacked libgbm1:amd64 24.2.8-1ubuntu1~24.04.1
2026-03-10 14:47:12 status half-installed libgbm1:amd64 24.2.8-1ubuntu1~24.04.1
2026-03-10 14:47:12 status unpacked libgbm1:amd64 25.2.8-0ubuntu0.24.04.1
2026-03-10 14:47:12 upgrade mesa-libgallium:amd64 24.2.8-1ubuntu1~24.04.1 25.2.8-0ubuntu0.24.04.1
2026-03-10 14:47:12 status half-configured mesa-libgallium:amd64 24.2.8-1ubuntu1~24.04.1
2026-03-10 14:47:12 status unpacked mesa-libgallium:amd64 24.2.8-1ubuntu1~24.04.1
2026-03-10 14:47:12 status half-installed mesa-libgallium:amd64 24.2.8-1ubuntu1~24.04.1
2026-03-10 14:47:13 status unpacked mesa-libgallium:amd64 25.2.8-0ubuntu0.24.04.1
2026-03-10 14:47:13 upgrade libdrm-nouveau2:amd64 2.4.122-1~ubuntu0.24.04.1 2.4.125-1ubuntu0.1~24.04.1
2026-03-10 14:47:13 status half-configured libdrm-nouveau2:amd64 2.4.122-1~ubuntu0.24.04.1
2026-03-10 14:47:13 status unpacked libdrm-nouveau2:amd64 2.4.122-1~ubuntu0.24.04.1
2026-03-10 14:47:13 status half-installed libdrm-nouveau2:amd64 2.4.122-1~ubuntu0.24.04.1
2026-03-10 14:47:13 status unpacked libdrm-nouveau2:amd64 2.4.125-1ubuntu0.1~24.04.1
2026-03-10 14:47:13 upgrade libdrm-radeon1:amd64 2.4.122-1~ubuntu0.24.04.1 2.4.125-1ubuntu0.1~24.04.1
2026-03-10 14:47:13 status half-configured libdrm-radeon1:amd64 2.4.122-1~ubuntu0.24.04.1
2026-03-10 14:47:13 status unpacked libdrm-radeon1:amd64 2.4.122-1~ubuntu0.24.04.1
2026-03-10 14:47:13 status half-installed libdrm-radeon1:amd64 2.4.122-1~ubuntu0.24.04.1
2026-03-10 14:47:13 status unpacked libdrm-radeon1:amd64 2.4.125-1ubuntu0.1~24.04.1
2026-03-10 14:47:13 upgrade libgl1-amber-dri:amd64 21.3.9-0ubuntu2 21.3.9-0ubuntu3~24.04.1
2026-03-10 14:47:13 status half-configured libgl1-amber-dri:amd64 21.3.9-0ubuntu2
2026-03-10 14:47:13 status unpacked libgl1-amber-dri:amd64 21.3.9-0ubuntu2
2026-03-10 14:47:13 status half-installed libgl1-amber-dri:amd64 21.3.9-0ubuntu2
2026-03-10 14:47:14 status unpacked libgl1-amber-dri:amd64 21.3.9-0ubuntu3~24.04.1
2026-03-10 14:47:14 startup packages remove
2026-03-10 14:47:14 status installed libglapi-mesa:amd64 24.2.8-1ubuntu1~24.04.1
2026-03-10 14:47:14 remove libglapi-mesa:amd64 24.2.8-1ubuntu1~24.04.1 <none>
2026-03-10 14:47:14 status half-configured libglapi-mesa:amd64 24.2.8-1ubuntu1~24.04.1
2026-03-10 14:47:14 status half-installed libglapi-mesa:amd64 24.2.8-1ubuntu1~24.04.1
2026-03-10 14:47:14 status config-files libglapi-mesa:amd64 24.2.8-1ubuntu1~24.04.1
2026-03-10 14:47:14 status not-installed libglapi-mesa:amd64 <none>
2026-03-10 14:47:14 startup archives unpack
2026-03-10 14:47:14 install libglapi-amber:amd64 <none> 21.3.9-0ubuntu3~24.04.1
2026-03-10 14:47:14 status half-installed libglapi-amber:amd64 21.3.9-0ubuntu3~24.04.1
2026-03-10 14:47:14 status unpacked libglapi-amber:amd64 21.3.9-0ubuntu3~24.04.1
2026-03-10 14:47:15 upgrade libpython3.12t64:amd64 3.12.3-1ubuntu0.11 3.12.3-1ubuntu0.12
2026-03-10 14:47:15 status half-configured libpython3.12t64:amd64 3.12.3-1ubuntu0.11
2026-03-10 14:47:15 status unpacked libpython3.12t64:amd64 3.12.3-1ubuntu0.11
2026-03-10 14:47:15 status half-installed libpython3.12t64:amd64 3.12.3-1ubuntu0.11
2026-03-10 14:47:15 status unpacked libpython3.12t64:amd64 3.12.3-1ubuntu0.12
2026-03-10 14:47:15 upgrade python3.12:amd64 3.12.3-1ubuntu0.11 3.12.3-1ubuntu0.12
2026-03-10 14:47:15 status half-configured python3.12:amd64 3.12.3-1ubuntu0.11
2026-03-10 14:47:15 status unpacked python3.12:amd64 3.12.3-1ubuntu0.11
2026-03-10 14:47:15 status half-installed python3.12:amd64 3.12.3-1ubuntu0.11
2026-03-10 14:47:15 status unpacked python3.12:amd64 3.12.3-1ubuntu0.12
2026-03-10 14:47:16 upgrade libpython3.12-stdlib:amd64 3.12.3-1ubuntu0.11 3.12.3-1ubuntu0.12
2026-03-10 14:47:16 status half-configured libpython3.12-stdlib:amd64 3.12.3-1ubuntu0.11
2026-03-10 14:47:16 status unpacked libpython3.12-stdlib:amd64 3.12.3-1ubuntu0.11
2026-03-10 14:47:16 status half-installed libpython3.12-stdlib:amd64 3.12.3-1ubuntu0.11
2026-03-10 14:47:16 status unpacked libpython3.12-stdlib:amd64 3.12.3-1ubuntu0.12
2026-03-10 14:47:16 upgrade python3.12-minimal:amd64 3.12.3-1ubuntu0.11 3.12.3-1ubuntu0.12
2026-03-10 14:47:16 status half-configured python3.12-minimal:amd64 3.12.3-1ubuntu0.11
2026-03-10 14:47:16 status unpacked python3.12-minimal:amd64 3.12.3-1ubuntu0.11
2026-03-10 14:47:16 status half-installed python3.12-minimal:amd64 3.12.3-1ubuntu0.11
2026-03-10 14:47:17 status triggers-pending systemd:amd64 255.4-1ubuntu8.12
2026-03-10 14:47:17 status unpacked python3.12-minimal:amd64 3.12.3-1ubuntu0.12
2026-03-10 14:47:17 upgrade libpython3.12-minimal:amd64 3.12.3-1ubuntu0.11 3.12.3-1ubuntu0.12
2026-03-10 14:47:17 status half-configured libpython3.12-minimal:amd64 3.12.3-1ubuntu0.11
2026-03-10 14:47:17 status unpacked libpython3.12-minimal:amd64 3.12.3-1ubuntu0.11
2026-03-10 14:47:17 status half-installed libpython3.12-minimal:amd64 3.12.3-1ubuntu0.11
2026-03-10 14:47:17 status unpacked libpython3.12-minimal:amd64 3.12.3-1ubuntu0.12
2026-03-10 14:47:17 upgrade libsmartcols1:amd64 2.39.3-9ubuntu6.2 2.39.3-9ubuntu6.4
2026-03-10 14:47:17 status half-configured libsmartcols1:amd64 2.39.3-9ubuntu6.2
2026-03-10 14:47:17 status unpacked libsmartcols1:amd64 2.39.3-9ubuntu6.2
2026-03-10 14:47:17 status half-installed libsmartcols1:amd64 2.39.3-9ubuntu6.2
2026-03-10 14:47:18 status unpacked libsmartcols1:amd64 2.39.3-9ubuntu6.4
2026-03-10 14:47:18 startup packages configure
2026-03-10 14:47:18 configure libsmartcols1:amd64 2.39.3-9ubuntu6.4 <none>
2026-03-10 14:47:18 status unpacked libsmartcols1:amd64 2.39.3-9ubuntu6.4
2026-03-10 14:47:18 status half-configured libsmartcols1:amd64 2.39.3-9ubuntu6.4
2026-03-10 14:47:18 status installed libsmartcols1:amd64 2.39.3-9ubuntu6.4
2026-03-10 14:47:18 startup archives unpack
2026-03-10 14:47:18 upgrade uuid-runtime:amd64 2.39.3-9ubuntu6.2 2.39.3-9ubuntu6.4
2026-03-10 14:47:18 status half-configured uuid-runtime:amd64 2.39.3-9ubuntu6.2
2026-03-10 14:47:18 status unpacked uuid-runtime:amd64 2.39.3-9ubuntu6.2
2026-03-10 14:47:18 status half-installed uuid-runtime:amd64 2.39.3-9ubuntu6.2
2026-03-10 14:47:18 status unpacked uuid-runtime:amd64 2.39.3-9ubuntu6.4
2026-03-10 14:47:18 upgrade dhcpcd-base:amd64 1:10.0.6-1ubuntu3.1 1:10.0.6-1ubuntu3.2
2026-03-10 14:47:18 status half-configured dhcpcd-base:amd64 1:10.0.6-1ubuntu3.1
2026-03-10 14:47:18 status unpacked dhcpcd-base:amd64 1:10.0.6-1ubuntu3.1
2026-03-10 14:47:18 status half-installed dhcpcd-base:amd64 1:10.0.6-1ubuntu3.1
2026-03-10 14:47:18 status unpacked dhcpcd-base:amd64 1:10.0.6-1ubuntu3.2
2026-03-10 14:47:18 upgrade distro-info-data:all 0.60ubuntu0.2 0.60ubuntu0.5
2026-03-10 14:47:18 status half-configured distro-info-data:all 0.60ubuntu0.2
2026-03-10 14:47:18 status unpacked distro-info-data:all 0.60ubuntu0.2
2026-03-10 14:47:18 status half-installed distro-info-data:all 0.60ubuntu0.2
2026-03-10 14:47:18 status unpacked distro-info-data:all 0.60ubuntu0.5
2026-03-10 14:47:18 upgrade dmsetup:amd64 2:1.02.185-3ubuntu3.1 2:1.02.185-3ubuntu3.2
2026-03-10 14:47:18 status half-configured dmsetup:amd64 2:1.02.185-3ubuntu3.1
2026-03-10 14:47:18 status unpacked dmsetup:amd64 2:1.02.185-3ubuntu3.1
2026-03-10 14:47:18 status half-installed dmsetup:amd64 2:1.02.185-3ubuntu3.1
2026-03-10 14:47:19 status unpacked dmsetup:amd64 2:1.02.185-3ubuntu3.2
2026-03-10 14:47:19 upgrade eject:amd64 2.39.3-9ubuntu6.2 2.39.3-9ubuntu6.4
2026-03-10 14:47:19 status half-configured eject:amd64 2.39.3-9ubuntu6.2
2026-03-10 14:47:19 status unpacked eject:amd64 2.39.3-9ubuntu6.2
2026-03-10 14:47:19 status half-installed eject:amd64 2.39.3-9ubuntu6.2
2026-03-10 14:47:19 status unpacked eject:amd64 2.39.3-9ubuntu6.4
2026-03-10 14:47:19 upgrade iproute2:amd64 6.1.0-1ubuntu6 6.1.0-1ubuntu6.2
2026-03-10 14:47:19 status half-configured iproute2:amd64 6.1.0-1ubuntu6
2026-03-10 14:47:19 status unpacked iproute2:amd64 6.1.0-1ubuntu6
2026-03-10 14:47:19 status half-installed iproute2:amd64 6.1.0-1ubuntu6
2026-03-10 14:47:19 status unpacked iproute2:amd64 6.1.0-1ubuntu6.2
2026-03-10 14:47:19 upgrade netplan-generator:amd64 1.1.1-1~ubuntu24.04.1 1.1.2-8ubuntu1~24.04.1
2026-03-10 14:47:19 status half-configured netplan-generator:amd64 1.1.1-1~ubuntu24.04.1
2026-03-10 14:47:19 status unpacked netplan-generator:amd64 1.1.1-1~ubuntu24.04.1
2026-03-10 14:47:19 status half-installed netplan-generator:amd64 1.1.1-1~ubuntu24.04.1
2026-03-10 14:47:19 status unpacked netplan-generator:amd64 1.1.2-8ubuntu1~24.04.1
2026-03-10 14:47:19 upgrade python3-netplan:amd64 1.1.1-1~ubuntu24.04.1 1.1.2-8ubuntu1~24.04.1
2026-03-10 14:47:19 status half-configured python3-netplan:amd64 1.1.1-1~ubuntu24.04.1
2026-03-10 14:47:20 status unpacked python3-netplan:amd64 1.1.1-1~ubuntu24.04.1
2026-03-10 14:47:20 status half-installed python3-netplan:amd64 1.1.1-1~ubuntu24.04.1
2026-03-10 14:47:20 status unpacked python3-netplan:amd64 1.1.2-8ubuntu1~24.04.1
2026-03-10 14:47:20 upgrade netplan.io:amd64 1.1.1-1~ubuntu24.04.1 1.1.2-8ubuntu1~24.04.1
2026-03-10 14:47:20 status half-configured netplan.io:amd64 1.1.1-1~ubuntu24.04.1
2026-03-10 14:47:20 status unpacked netplan.io:amd64 1.1.1-1~ubuntu24.04.1
2026-03-10 14:47:20 status half-installed netplan.io:amd64 1.1.1-1~ubuntu24.04.1
2026-03-10 14:47:20 status unpacked netplan.io:amd64 1.1.2-8ubuntu1~24.04.1
2026-03-10 14:47:20 upgrade libnetplan1:amd64 1.1.1-1~ubuntu24.04.1 1.1.2-8ubuntu1~24.04.1
2026-03-10 14:47:20 status half-configured libnetplan1:amd64 1.1.1-1~ubuntu24.04.1
2026-03-10 14:47:20 status unpacked libnetplan1:amd64 1.1.1-1~ubuntu24.04.1
2026-03-10 14:47:20 status half-installed libnetplan1:amd64 1.1.1-1~ubuntu24.04.1
2026-03-10 14:47:21 status unpacked libnetplan1:amd64 1.1.2-8ubuntu1~24.04.1
2026-03-10 14:47:21 upgrade python-apt-common:all 2.7.7ubuntu5.1 2.7.7ubuntu5.2
2026-03-10 14:47:21 status half-configured python-apt-common:all 2.7.7ubuntu5.1
2026-03-10 14:47:21 status unpacked python-apt-common:all 2.7.7ubuntu5.1
2026-03-10 14:47:21 status half-installed python-apt-common:all 2.7.7ubuntu5.1
2026-03-10 14:47:21 status unpacked python-apt-common:all 2.7.7ubuntu5.2
2026-03-10 14:47:21 upgrade python3-apt:amd64 2.7.7ubuntu5.1 2.7.7ubuntu5.2
2026-03-10 14:47:21 status half-configured python3-apt:amd64 2.7.7ubuntu5.1
2026-03-10 14:47:21 status unpacked python3-apt:amd64 2.7.7ubuntu5.1
2026-03-10 14:47:21 status half-installed python3-apt:amd64 2.7.7ubuntu5.1
2026-03-10 14:47:21 status unpacked python3-apt:amd64 2.7.7ubuntu5.2
2026-03-10 14:47:21 upgrade rsyslog:amd64 8.2312.0-3ubuntu9 8.2312.0-3ubuntu9.1
2026-03-10 14:47:21 status half-configured rsyslog:amd64 8.2312.0-3ubuntu9
2026-03-10 14:47:21 status unpacked rsyslog:amd64 8.2312.0-3ubuntu9
2026-03-10 14:47:21 status half-installed rsyslog:amd64 8.2312.0-3ubuntu9
2026-03-10 14:47:21 status unpacked rsyslog:amd64 8.2312.0-3ubuntu9.1
2026-03-10 14:47:21 upgrade systemd-hwe-hwdb:all 255.1.4 255.1.7
2026-03-10 14:47:21 status half-configured systemd-hwe-hwdb:all 255.1.4
2026-03-10 14:47:21 status unpacked systemd-hwe-hwdb:all 255.1.4
2026-03-10 14:47:21 status half-installed systemd-hwe-hwdb:all 255.1.4
2026-03-10 14:47:21 status unpacked systemd-hwe-hwdb:all 255.1.7
2026-03-10 14:47:22 upgrade ubuntu-pro-client-l10n:amd64 34~24.04 37.1ubuntu0~24.04
2026-03-10 14:47:22 status half-configured ubuntu-pro-client-l10n:amd64 34~24.04
2026-03-10 14:47:22 status unpacked ubuntu-pro-client-l10n:amd64 34~24.04
2026-03-10 14:47:22 status half-installed ubuntu-pro-client-l10n:amd64 34~24.04
2026-03-10 14:47:22 status unpacked ubuntu-pro-client-l10n:amd64 37.1ubuntu0~24.04
2026-03-10 14:47:22 upgrade ubuntu-pro-client:amd64 34~24.04 37.1ubuntu0~24.04
2026-03-10 14:47:22 status half-configured ubuntu-pro-client:amd64 34~24.04
2026-03-10 14:47:22 status unpacked ubuntu-pro-client:amd64 34~24.04
2026-03-10 14:47:22 status half-installed ubuntu-pro-client:amd64 34~24.04
2026-03-10 14:47:22 status unpacked ubuntu-pro-client:amd64 37.1ubuntu0~24.04
2026-03-10 14:47:22 upgrade apparmor:amd64 4.0.1really4.0.1-0ubuntu0.24.04.3 4.0.1really4.0.1-0ubuntu0.24.04.5
2026-03-10 14:47:22 status half-configured apparmor:amd64 4.0.1really4.0.1-0ubuntu0.24.04.3
2026-03-10 14:47:23 status unpacked apparmor:amd64 4.0.1really4.0.1-0ubuntu0.24.04.3
2026-03-10 14:47:23 status half-installed apparmor:amd64 4.0.1really4.0.1-0ubuntu0.24.04.3
2026-03-10 14:47:24 status unpacked apparmor:amd64 4.0.1really4.0.1-0ubuntu0.24.04.5
2026-03-10 14:47:24 upgrade bsdextrautils:amd64 2.39.3-9ubuntu6.2 2.39.3-9ubuntu6.4
2026-03-10 14:47:24 status half-configured bsdextrautils:amd64 2.39.3-9ubuntu6.2
2026-03-10 14:47:24 status unpacked bsdextrautils:amd64 2.39.3-9ubuntu6.2
2026-03-10 14:47:24 status half-installed bsdextrautils:amd64 2.39.3-9ubuntu6.2
2026-03-10 14:47:25 status unpacked bsdextrautils:amd64 2.39.3-9ubuntu6.4
2026-03-10 14:47:25 upgrade openssh-client:amd64 1:9.6p1-3ubuntu13.11 1:9.6p1-3ubuntu13.14
2026-03-10 14:47:25 status half-configured openssh-client:amd64 1:9.6p1-3ubuntu13.11
2026-03-10 14:47:25 status unpacked openssh-client:amd64 1:9.6p1-3ubuntu13.11
2026-03-10 14:47:25 status half-installed openssh-client:amd64 1:9.6p1-3ubuntu13.11
2026-03-10 14:47:25 status unpacked openssh-client:amd64 1:9.6p1-3ubuntu13.14
2026-03-10 14:47:25 upgrade pci.ids:all 0.0~2024.03.31-1 0.0~2024.03.31-1ubuntu0.1
2026-03-10 14:47:25 status half-configured pci.ids:all 0.0~2024.03.31-1
2026-03-10 14:47:25 status unpacked pci.ids:all 0.0~2024.03.31-1
2026-03-10 14:47:25 status half-installed pci.ids:all 0.0~2024.03.31-1
2026-03-10 14:47:25 status unpacked pci.ids:all 0.0~2024.03.31-1ubuntu0.1
2026-03-10 14:47:25 upgrade ubuntu-release-upgrader-core:all 1:24.04.26 1:24.04.28
2026-03-10 14:47:25 status half-configured ubuntu-release-upgrader-core:all 1:24.04.26
2026-03-10 14:47:25 status unpacked ubuntu-release-upgrader-core:all 1:24.04.26
2026-03-10 14:47:25 status half-installed ubuntu-release-upgrader-core:all 1:24.04.26
2026-03-10 14:47:25 status unpacked ubuntu-release-upgrader-core:all 1:24.04.28
2026-03-10 14:47:25 upgrade python3-distupgrade:all 1:24.04.26 1:24.04.28
2026-03-10 14:47:25 status half-configured python3-distupgrade:all 1:24.04.26
2026-03-10 14:47:26 status unpacked python3-distupgrade:all 1:24.04.26
2026-03-10 14:47:26 status half-installed python3-distupgrade:all 1:24.04.26
2026-03-10 14:47:26 status unpacked python3-distupgrade:all 1:24.04.28
2026-03-10 14:47:26 upgrade python3-update-manager:all 1:24.04.9 1:24.04.12
2026-03-10 14:47:26 status half-configured python3-update-manager:all 1:24.04.9
2026-03-10 14:47:26 status unpacked python3-update-manager:all 1:24.04.9
2026-03-10 14:47:26 status half-installed python3-update-manager:all 1:24.04.9
2026-03-10 14:47:26 status unpacked python3-update-manager:all 1:24.04.12
2026-03-10 14:47:26 upgrade update-manager-core:all 1:24.04.9 1:24.04.12
2026-03-10 14:47:26 status half-configured update-manager-core:all 1:24.04.9
2026-03-10 14:47:26 status unpacked update-manager-core:all 1:24.04.9
2026-03-10 14:47:26 status half-installed update-manager-core:all 1:24.04.9
2026-03-10 14:47:26 status unpacked update-manager-core:all 1:24.04.12
2026-03-10 14:47:26 upgrade alsa-ucm-conf:all 1.2.10-1ubuntu5.4 1.2.10-1ubuntu5.9
2026-03-10 14:47:26 status half-configured alsa-ucm-conf:all 1.2.10-1ubuntu5.4
2026-03-10 14:47:26 status unpacked alsa-ucm-conf:all 1.2.10-1ubuntu5.4
2026-03-10 14:47:26 status half-installed alsa-ucm-conf:all 1.2.10-1ubuntu5.4
2026-03-10 14:47:27 status unpacked alsa-ucm-conf:all 1.2.10-1ubuntu5.9
2026-03-10 14:47:27 upgrade dconf-gsettings-backend:amd64 0.40.0-4build2 0.40.0-4ubuntu0.1
2026-03-10 14:47:27 status half-configured dconf-gsettings-backend:amd64 0.40.0-4build2
2026-03-10 14:47:27 status unpacked dconf-gsettings-backend:amd64 0.40.0-4build2
2026-03-10 14:47:27 status half-installed dconf-gsettings-backend:amd64 0.40.0-4build2
2026-03-10 14:47:27 status triggers-pending libglib2.0-0t64:amd64 2.80.0-6ubuntu3.8
2026-03-10 14:47:27 status unpacked dconf-gsettings-backend:amd64 0.40.0-4ubuntu0.1
2026-03-10 14:47:27 upgrade dconf-service:amd64 0.40.0-4build2 0.40.0-4ubuntu0.1
2026-03-10 14:47:27 status half-configured dconf-service:amd64 0.40.0-4build2
2026-03-10 14:47:27 status unpacked dconf-service:amd64 0.40.0-4build2
2026-03-10 14:47:27 status half-installed dconf-service:amd64 0.40.0-4build2
2026-03-10 14:47:27 status unpacked dconf-service:amd64 0.40.0-4ubuntu0.1
2026-03-10 14:47:27 upgrade libdconf1:amd64 0.40.0-4build2 0.40.0-4ubuntu0.1
2026-03-10 14:47:27 status half-configured libdconf1:amd64 0.40.0-4build2
2026-03-10 14:47:27 status unpacked libdconf1:amd64 0.40.0-4build2
2026-03-10 14:47:27 status half-installed libdconf1:amd64 0.40.0-4build2
2026-03-10 14:47:27 status unpacked libdconf1:amd64 0.40.0-4ubuntu0.1
2026-03-10 14:47:27 upgrade fdisk:amd64 2.39.3-9ubuntu6.2 2.39.3-9ubuntu6.4
2026-03-10 14:47:27 status half-configured fdisk:amd64 2.39.3-9ubuntu6.2
2026-03-10 14:47:27 status unpacked fdisk:amd64 2.39.3-9ubuntu6.2
2026-03-10 14:47:27 status half-installed fdisk:amd64 2.39.3-9ubuntu6.2
2026-03-10 14:47:27 status unpacked fdisk:amd64 2.39.3-9ubuntu6.4
2026-03-10 14:47:28 upgrade libpackagekit-glib2-18:amd64 1.2.8-2ubuntu1.1 1.2.8-2ubuntu1.4
2026-03-10 14:47:28 status half-configured libpackagekit-glib2-18:amd64 1.2.8-2ubuntu1.1
2026-03-10 14:47:28 status unpacked libpackagekit-glib2-18:amd64 1.2.8-2ubuntu1.1
2026-03-10 14:47:28 status half-installed libpackagekit-glib2-18:amd64 1.2.8-2ubuntu1.1
2026-03-10 14:47:28 status unpacked libpackagekit-glib2-18:amd64 1.2.8-2ubuntu1.4
2026-03-10 14:47:28 upgrade gir1.2-packagekitglib-1.0:amd64 1.2.8-2ubuntu1.1 1.2.8-2ubuntu1.4
2026-03-10 14:47:28 status half-configured gir1.2-packagekitglib-1.0:amd64 1.2.8-2ubuntu1.1
2026-03-10 14:47:28 status unpacked gir1.2-packagekitglib-1.0:amd64 1.2.8-2ubuntu1.1
2026-03-10 14:47:28 status half-installed gir1.2-packagekitglib-1.0:amd64 1.2.8-2ubuntu1.1
2026-03-10 14:47:28 status unpacked gir1.2-packagekitglib-1.0:amd64 1.2.8-2ubuntu1.4
2026-03-10 14:47:28 upgrade gtk-update-icon-cache:amd64 3.24.41-4ubuntu1.2 3.24.41-4ubuntu1.3
2026-03-10 14:47:28 status half-configured gtk-update-icon-cache:amd64 3.24.41-4ubuntu1.2
2026-03-10 14:47:28 status unpacked gtk-update-icon-cache:amd64 3.24.41-4ubuntu1.2
2026-03-10 14:47:28 status half-installed gtk-update-icon-cache:amd64 3.24.41-4ubuntu1.2
2026-03-10 14:47:28 status unpacked gtk-update-icon-cache:amd64 3.24.41-4ubuntu1.3
2026-03-10 14:47:28 upgrade landscape-client:amd64 24.02-0ubuntu5.1 24.02-0ubuntu5.7
2026-03-10 14:47:28 status half-configured landscape-client:amd64 24.02-0ubuntu5.1
2026-03-10 14:47:28 status unpacked landscape-client:amd64 24.02-0ubuntu5.1
2026-03-10 14:47:28 status half-installed landscape-client:amd64 24.02-0ubuntu5.1
2026-03-10 14:47:28 status unpacked landscape-client:amd64 24.02-0ubuntu5.7
2026-03-10 14:47:29 upgrade landscape-common:amd64 24.02-0ubuntu5.1 24.02-0ubuntu5.7
2026-03-10 14:47:29 status half-configured landscape-common:amd64 24.02-0ubuntu5.1
2026-03-10 14:47:29 status unpacked landscape-common:amd64 24.02-0ubuntu5.1
2026-03-10 14:47:29 status half-installed landscape-common:amd64 24.02-0ubuntu5.1
2026-03-10 14:47:29 status unpacked landscape-common:amd64 24.02-0ubuntu5.7
2026-03-10 14:47:29 upgrade libgtk-3-common:all 3.24.41-4ubuntu1.2 3.24.41-4ubuntu1.3
2026-03-10 14:47:29 status half-configured libgtk-3-common:all 3.24.41-4ubuntu1.2
2026-03-10 14:47:29 status unpacked libgtk-3-common:all 3.24.41-4ubuntu1.2
2026-03-10 14:47:29 status half-installed libgtk-3-common:all 3.24.41-4ubuntu1.2
2026-03-10 14:47:29 status unpacked libgtk-3-common:all 3.24.41-4ubuntu1.3
2026-03-10 14:47:29 upgrade libgtk-3-0t64:amd64 3.24.41-4ubuntu1.2 3.24.41-4ubuntu1.3
2026-03-10 14:47:29 status half-configured libgtk-3-0t64:amd64 3.24.41-4ubuntu1.2
2026-03-10 14:47:29 status unpacked libgtk-3-0t64:amd64 3.24.41-4ubuntu1.2
2026-03-10 14:47:29 status half-installed libgtk-3-0t64:amd64 3.24.41-4ubuntu1.2
2026-03-10 14:47:30 status unpacked libgtk-3-0t64:amd64 3.24.41-4ubuntu1.3
2026-03-10 14:47:30 upgrade libgtk-3-bin:amd64 3.24.41-4ubuntu1.2 3.24.41-4ubuntu1.3
2026-03-10 14:47:30 status half-configured libgtk-3-bin:amd64 3.24.41-4ubuntu1.2
2026-03-10 14:47:30 status unpacked libgtk-3-bin:amd64 3.24.41-4ubuntu1.2
2026-03-10 14:47:30 status half-installed libgtk-3-bin:amd64 3.24.41-4ubuntu1.2
2026-03-10 14:47:30 status unpacked libgtk-3-bin:amd64 3.24.41-4ubuntu1.3
2026-03-10 14:47:30 upgrade libldap-common:all 2.6.7+dfsg-1~exp1ubuntu8.1 2.6.10+dfsg-0ubuntu0.24.04.1
2026-03-10 14:47:30 status half-configured libldap-common:all 2.6.7+dfsg-1~exp1ubuntu8.1
2026-03-10 14:47:30 status unpacked libldap-common:all 2.6.7+dfsg-1~exp1ubuntu8.1
2026-03-10 14:47:30 status half-installed libldap-common:all 2.6.7+dfsg-1~exp1ubuntu8.1
2026-03-10 14:47:30 status unpacked libldap-common:all 2.6.10+dfsg-0ubuntu0.24.04.1
2026-03-10 14:47:30 upgrade libldap2:amd64 2.6.7+dfsg-1~exp1ubuntu8.1 2.6.10+dfsg-0ubuntu0.24.04.1
2026-03-10 14:47:30 status half-configured libldap2:amd64 2.6.7+dfsg-1~exp1ubuntu8.1
2026-03-10 14:47:30 status unpacked libldap2:amd64 2.6.7+dfsg-1~exp1ubuntu8.1
2026-03-10 14:47:30 status half-installed libldap2:amd64 2.6.7+dfsg-1~exp1ubuntu8.1
2026-03-10 14:47:30 status unpacked libldap2:amd64 2.6.10+dfsg-0ubuntu0.24.04.1
2026-03-10 14:47:30 upgrade mesa-vulkan-drivers:amd64 24.2.8-1ubuntu1~24.04.1 25.2.8-0ubuntu0.24.04.1
2026-03-10 14:47:30 status half-configured mesa-vulkan-drivers:amd64 24.2.8-1ubuntu1~24.04.1
2026-03-10 14:47:30 status unpacked mesa-vulkan-drivers:amd64 24.2.8-1ubuntu1~24.04.1
2026-03-10 14:47:30 status half-installed mesa-vulkan-drivers:amd64 24.2.8-1ubuntu1~24.04.1
2026-03-10 14:47:32 status unpacked mesa-vulkan-drivers:amd64 25.2.8-0ubuntu0.24.04.1
2026-03-10 14:47:32 upgrade packagekit-tools:amd64 1.2.8-2ubuntu1.1 1.2.8-2ubuntu1.4
2026-03-10 14:47:32 status half-configured packagekit-tools:amd64 1.2.8-2ubuntu1.1
2026-03-10 14:47:32 status unpacked packagekit-tools:amd64 1.2.8-2ubuntu1.1
2026-03-10 14:47:32 status half-installed packagekit-tools:amd64 1.2.8-2ubuntu1.1
2026-03-10 14:47:32 status unpacked packagekit-tools:amd64 1.2.8-2ubuntu1.4
2026-03-10 14:47:32 upgrade packagekit:amd64 1.2.8-2ubuntu1.1 1.2.8-2ubuntu1.4
2026-03-10 14:47:32 status half-configured packagekit:amd64 1.2.8-2ubuntu1.1
2026-03-10 14:47:32 status unpacked packagekit:amd64 1.2.8-2ubuntu1.1
2026-03-10 14:47:32 status half-installed packagekit:amd64 1.2.8-2ubuntu1.1
2026-03-10 14:47:32 status unpacked packagekit:amd64 1.2.8-2ubuntu1.4
2026-03-10 14:47:32 upgrade software-properties-common:all 0.99.49.1 0.99.49.4
2026-03-10 14:47:32 status half-configured software-properties-common:all 0.99.49.1
2026-03-10 14:47:32 status unpacked software-properties-common:all 0.99.49.1
2026-03-10 14:47:32 status half-installed software-properties-common:all 0.99.49.1
2026-03-10 14:47:32 status triggers-pending dbus:amd64 1.14.10-4ubuntu4.1
2026-03-10 14:47:32 status unpacked software-properties-common:all 0.99.49.4
2026-03-10 14:47:33 upgrade python3-software-properties:all 0.99.49.1 0.99.49.4
2026-03-10 14:47:33 status half-configured python3-software-properties:all 0.99.49.1
2026-03-10 14:47:33 status unpacked python3-software-properties:all 0.99.49.1
2026-03-10 14:47:33 status half-installed python3-software-properties:all 0.99.49.1
2026-03-10 14:47:33 status unpacked python3-software-properties:all 0.99.49.4
2026-03-10 14:47:33 upgrade snapd:amd64 2.66.1+24.04 2.73+ubuntu24.04
2026-03-10 14:47:33 status half-configured snapd:amd64 2.66.1+24.04
2026-03-10 14:47:33 status unpacked snapd:amd64 2.66.1+24.04
2026-03-10 14:47:33 status half-installed snapd:amd64 2.66.1+24.04
2026-03-10 14:47:35 status unpacked snapd:amd64 2.73+ubuntu24.04
2026-03-10 14:47:35 upgrade wsl-pro-service:amd64 0.1.4 0.1.18~24.04.3
2026-03-10 14:47:35 status half-configured wsl-pro-service:amd64 0.1.4
2026-03-10 14:47:35 status unpacked wsl-pro-service:amd64 0.1.4
2026-03-10 14:47:35 status half-installed wsl-pro-service:amd64 0.1.4
2026-03-10 14:47:36 status unpacked wsl-pro-service:amd64 0.1.18~24.04.3
2026-03-10 14:47:36 upgrade cloud-init:all 25.1.4-0ubuntu0~24.04.1 25.3-0ubuntu1~24.04.1
2026-03-10 14:47:36 status half-configured cloud-init:all 25.1.4-0ubuntu0~24.04.1
2026-03-10 14:47:36 status unpacked cloud-init:all 25.1.4-0ubuntu0~24.04.1
2026-03-10 14:47:36 status half-installed cloud-init:all 25.1.4-0ubuntu0~24.04.1
2026-03-10 14:47:37 status unpacked cloud-init:all 25.3-0ubuntu1~24.04.1
2026-03-10 14:47:37 upgrade wsl-setup:amd64 0.5.8~24.04 0.5.10~24.04.1
2026-03-10 14:47:37 status half-configured wsl-setup:amd64 0.5.8~24.04
2026-03-10 14:47:37 status unpacked wsl-setup:amd64 0.5.8~24.04
2026-03-10 14:47:37 status half-installed wsl-setup:amd64 0.5.8~24.04
2026-03-10 14:47:37 status unpacked wsl-setup:amd64 0.5.10~24.04.1
2026-03-10 14:47:37 startup packages configure
2026-03-10 14:47:37 configure motd-news-config:all 13ubuntu10.4 <none>
2026-03-10 14:47:37 status unpacked motd-news-config:all 13ubuntu10.4
2026-03-10 14:47:37 status half-configured motd-news-config:all 13ubuntu10.4
2026-03-10 14:47:37 status installed motd-news-config:all 13ubuntu10.4
2026-03-10 14:47:37 configure gtk-update-icon-cache:amd64 3.24.41-4ubuntu1.3 <none>
2026-03-10 14:47:37 status unpacked gtk-update-icon-cache:amd64 3.24.41-4ubuntu1.3
2026-03-10 14:47:37 status half-configured gtk-update-icon-cache:amd64 3.24.41-4ubuntu1.3
2026-03-10 14:47:37 status installed gtk-update-icon-cache:amd64 3.24.41-4ubuntu1.3
2026-03-10 14:47:37 configure libpciaccess0:amd64 0.17-3ubuntu0.24.04.2 <none>
2026-03-10 14:47:37 status unpacked libpciaccess0:amd64 0.17-3ubuntu0.24.04.2
2026-03-10 14:47:37 status half-configured libpciaccess0:amd64 0.17-3ubuntu0.24.04.2
2026-03-10 14:47:37 status installed libpciaccess0:amd64 0.17-3ubuntu0.24.04.2
2026-03-10 14:47:37 configure systemd-sysv:amd64 255.4-1ubuntu8.12 <none>
2026-03-10 14:47:37 status unpacked systemd-sysv:amd64 255.4-1ubuntu8.12
2026-03-10 14:47:37 status half-configured systemd-sysv:amd64 255.4-1ubuntu8.12
2026-03-10 14:47:37 status installed systemd-sysv:amd64 255.4-1ubuntu8.12
2026-03-10 14:47:37 configure pci.ids:all 0.0~2024.03.31-1ubuntu0.1 <none>
2026-03-10 14:47:37 status unpacked pci.ids:all 0.0~2024.03.31-1ubuntu0.1
2026-03-10 14:47:37 status half-configured pci.ids:all 0.0~2024.03.31-1ubuntu0.1
2026-03-10 14:47:37 status installed pci.ids:all 0.0~2024.03.31-1ubuntu0.1
2026-03-10 14:47:37 configure apt-utils:amd64 2.8.3 <none>
2026-03-10 14:47:37 status unpacked apt-utils:amd64 2.8.3
2026-03-10 14:47:37 status half-configured apt-utils:amd64 2.8.3
2026-03-10 14:47:37 status installed apt-utils:amd64 2.8.3
2026-03-10 14:47:37 configure bsdextrautils:amd64 2.39.3-9ubuntu6.4 <none>
2026-03-10 14:47:37 status unpacked bsdextrautils:amd64 2.39.3-9ubuntu6.4
2026-03-10 14:47:37 status half-configured bsdextrautils:amd64 2.39.3-9ubuntu6.4
2026-03-10 14:47:37 status installed bsdextrautils:amd64 2.39.3-9ubuntu6.4
2026-03-10 14:47:37 configure alsa-ucm-conf:all 1.2.10-1ubuntu5.9 <none>
2026-03-10 14:47:37 status unpacked alsa-ucm-conf:all 1.2.10-1ubuntu5.9
2026-03-10 14:47:37 status half-configured alsa-ucm-conf:all 1.2.10-1ubuntu5.9
2026-03-10 14:47:37 status installed alsa-ucm-conf:all 1.2.10-1ubuntu5.9
2026-03-10 14:47:37 configure libglapi-amber:amd64 21.3.9-0ubuntu3~24.04.1 <none>
2026-03-10 14:47:37 status unpacked libglapi-amber:amd64 21.3.9-0ubuntu3~24.04.1
2026-03-10 14:47:37 status half-configured libglapi-amber:amd64 21.3.9-0ubuntu3~24.04.1
2026-03-10 14:47:37 status installed libglapi-amber:amd64 21.3.9-0ubuntu3~24.04.1
2026-03-10 14:47:37 configure distro-info-data:all 0.60ubuntu0.5 <none>
2026-03-10 14:47:37 status unpacked distro-info-data:all 0.60ubuntu0.5
2026-03-10 14:47:37 status half-configured distro-info-data:all 0.60ubuntu0.5
2026-03-10 14:47:37 status installed distro-info-data:all 0.60ubuntu0.5
2026-03-10 14:47:37 configure iproute2:amd64 6.1.0-1ubuntu6.2 <none>
2026-03-10 14:47:37 status unpacked iproute2:amd64 6.1.0-1ubuntu6.2
2026-03-10 14:47:38 status half-configured iproute2:amd64 6.1.0-1ubuntu6.2
2026-03-10 14:47:38 status installed iproute2:amd64 6.1.0-1ubuntu6.2
2026-03-10 14:47:38 configure openssh-client:amd64 1:9.6p1-3ubuntu13.14 <none>
2026-03-10 14:47:38 status unpacked openssh-client:amd64 1:9.6p1-3ubuntu13.14
2026-03-10 14:47:38 status half-configured openssh-client:amd64 1:9.6p1-3ubuntu13.14
2026-03-10 14:47:38 status installed openssh-client:amd64 1:9.6p1-3ubuntu13.14
2026-03-10 14:47:38 configure rsyslog:amd64 8.2312.0-3ubuntu9.1 <none>
2026-03-10 14:47:38 status unpacked rsyslog:amd64 8.2312.0-3ubuntu9.1
2026-03-10 14:47:38 status half-configured rsyslog:amd64 8.2312.0-3ubuntu9.1
2026-03-10 14:47:40 status installed rsyslog:amd64 8.2312.0-3ubuntu9.1
2026-03-10 14:47:40 configure libpython3.12-minimal:amd64 3.12.3-1ubuntu0.12 <none>
2026-03-10 14:47:40 status unpacked libpython3.12-minimal:amd64 3.12.3-1ubuntu0.12
2026-03-10 14:47:40 status half-configured libpython3.12-minimal:amd64 3.12.3-1ubuntu0.12
2026-03-10 14:47:40 status installed libpython3.12-minimal:amd64 3.12.3-1ubuntu0.12
2026-03-10 14:47:40 configure libpackagekit-glib2-18:amd64 1.2.8-2ubuntu1.4 <none>
2026-03-10 14:47:40 status unpacked libpackagekit-glib2-18:amd64 1.2.8-2ubuntu1.4
2026-03-10 14:47:40 status half-configured libpackagekit-glib2-18:amd64 1.2.8-2ubuntu1.4
2026-03-10 14:47:40 status installed libpackagekit-glib2-18:amd64 1.2.8-2ubuntu1.4
2026-03-10 14:47:40 configure libnss-systemd:amd64 255.4-1ubuntu8.12 <none>
2026-03-10 14:47:40 status unpacked libnss-systemd:amd64 255.4-1ubuntu8.12
2026-03-10 14:47:40 status half-configured libnss-systemd:amd64 255.4-1ubuntu8.12
2026-03-10 14:47:40 status installed libnss-systemd:amd64 255.4-1ubuntu8.12
2026-03-10 14:47:41 configure libnetplan1:amd64 1.1.2-8ubuntu1~24.04.1 <none>
2026-03-10 14:47:41 status unpacked libnetplan1:amd64 1.1.2-8ubuntu1~24.04.1
2026-03-10 14:47:41 status half-configured libnetplan1:amd64 1.1.2-8ubuntu1~24.04.1
2026-03-10 14:47:41 status installed libnetplan1:amd64 1.1.2-8ubuntu1~24.04.1
2026-03-10 14:47:41 configure libldap-common:all 2.6.10+dfsg-0ubuntu0.24.04.1 <none>
2026-03-10 14:47:41 status unpacked libldap-common:all 2.6.10+dfsg-0ubuntu0.24.04.1
2026-03-10 14:47:41 status half-configured libldap-common:all 2.6.10+dfsg-0ubuntu0.24.04.1
2026-03-10 14:47:41 status installed libldap-common:all 2.6.10+dfsg-0ubuntu0.24.04.1
2026-03-10 14:47:41 configure libdconf1:amd64 0.40.0-4ubuntu0.1 <none>
2026-03-10 14:47:41 status unpacked libdconf1:amd64 0.40.0-4ubuntu0.1
2026-03-10 14:47:41 status half-configured libdconf1:amd64 0.40.0-4ubuntu0.1
2026-03-10 14:47:41 status installed libdconf1:amd64 0.40.0-4ubuntu0.1
2026-03-10 14:47:41 configure eject:amd64 2.39.3-9ubuntu6.4 <none>
2026-03-10 14:47:41 status unpacked eject:amd64 2.39.3-9ubuntu6.4
2026-03-10 14:47:41 status half-configured eject:amd64 2.39.3-9ubuntu6.4
2026-03-10 14:47:41 status installed eject:amd64 2.39.3-9ubuntu6.4
2026-03-10 14:47:41 configure apparmor:amd64 4.0.1really4.0.1-0ubuntu0.24.04.5 <none>
2026-03-10 14:47:41 status unpacked apparmor:amd64 4.0.1really4.0.1-0ubuntu0.24.04.5
2026-03-10 14:47:44 status half-configured apparmor:amd64 4.0.1really4.0.1-0ubuntu0.24.04.5
2026-03-10 14:47:45 status installed apparmor:amd64 4.0.1really4.0.1-0ubuntu0.24.04.5
2026-03-10 14:47:46 configure gir1.2-packagekitglib-1.0:amd64 1.2.8-2ubuntu1.4 <none>
2026-03-10 14:47:46 status unpacked gir1.2-packagekitglib-1.0:amd64 1.2.8-2ubuntu1.4
2026-03-10 14:47:46 status half-configured gir1.2-packagekitglib-1.0:amd64 1.2.8-2ubuntu1.4
2026-03-10 14:47:46 status installed gir1.2-packagekitglib-1.0:amd64 1.2.8-2ubuntu1.4
2026-03-10 14:47:46 configure systemd-timesyncd:amd64 255.4-1ubuntu8.12 <none>
2026-03-10 14:47:46 status unpacked systemd-timesyncd:amd64 255.4-1ubuntu8.12
2026-03-10 14:47:46 status half-configured systemd-timesyncd:amd64 255.4-1ubuntu8.12
2026-03-10 14:47:47 status installed systemd-timesyncd:amd64 255.4-1ubuntu8.12
2026-03-10 14:47:47 configure udev:amd64 255.4-1ubuntu8.12 <none>
2026-03-10 14:47:47 status unpacked udev:amd64 255.4-1ubuntu8.12
2026-03-10 14:47:47 status half-configured udev:amd64 255.4-1ubuntu8.12
2026-03-10 14:47:48 status installed udev:amd64 255.4-1ubuntu8.12
2026-03-10 14:47:48 configure libllvm20:amd64 1:20.1.2-0ubuntu1~24.04.2 <none>
2026-03-10 14:47:48 status unpacked libllvm20:amd64 1:20.1.2-0ubuntu1~24.04.2
2026-03-10 14:47:48 status half-configured libllvm20:amd64 1:20.1.2-0ubuntu1~24.04.2
2026-03-10 14:47:49 status installed libllvm20:amd64 1:20.1.2-0ubuntu1~24.04.2
2026-03-10 14:47:49 configure dhcpcd-base:amd64 1:10.0.6-1ubuntu3.2 <none>
2026-03-10 14:47:49 status unpacked dhcpcd-base:amd64 1:10.0.6-1ubuntu3.2
2026-03-10 14:47:49 status half-configured dhcpcd-base:amd64 1:10.0.6-1ubuntu3.2
2026-03-10 14:47:49 status installed dhcpcd-base:amd64 1:10.0.6-1ubuntu3.2
2026-03-10 14:47:49 configure libfdisk1:amd64 2.39.3-9ubuntu6.4 <none>
2026-03-10 14:47:49 status unpacked libfdisk1:amd64 2.39.3-9ubuntu6.4
2026-03-10 14:47:49 status half-configured libfdisk1:amd64 2.39.3-9ubuntu6.4
2026-03-10 14:47:49 status installed libfdisk1:amd64 2.39.3-9ubuntu6.4
2026-03-10 14:47:49 configure systemd-hwe-hwdb:all 255.1.7 <none>
2026-03-10 14:47:49 status unpacked systemd-hwe-hwdb:all 255.1.7
2026-03-10 14:47:49 status half-configured systemd-hwe-hwdb:all 255.1.7
2026-03-10 14:47:49 status installed systemd-hwe-hwdb:all 255.1.7
2026-03-10 14:47:49 configure libdevmapper1.02.1:amd64 2:1.02.185-3ubuntu3.2 <none>
2026-03-10 14:47:49 status unpacked libdevmapper1.02.1:amd64 2:1.02.185-3ubuntu3.2
2026-03-10 14:47:49 status half-configured libdevmapper1.02.1:amd64 2:1.02.185-3ubuntu3.2
2026-03-10 14:47:49 status installed libdevmapper1.02.1:amd64 2:1.02.185-3ubuntu3.2
2026-03-10 14:47:49 configure python-apt-common:all 2.7.7ubuntu5.2 <none>
2026-03-10 14:47:49 status unpacked python-apt-common:all 2.7.7ubuntu5.2
2026-03-10 14:47:49 status half-configured python-apt-common:all 2.7.7ubuntu5.2
2026-03-10 14:47:49 status installed python-apt-common:all 2.7.7ubuntu5.2
2026-03-10 14:47:49 configure mount:amd64 2.39.3-9ubuntu6.4 <none>
2026-03-10 14:47:49 status unpacked mount:amd64 2.39.3-9ubuntu6.4
2026-03-10 14:47:50 status half-configured mount:amd64 2.39.3-9ubuntu6.4
2026-03-10 14:47:50 status installed mount:amd64 2.39.3-9ubuntu6.4
2026-03-10 14:47:50 configure dmsetup:amd64 2:1.02.185-3ubuntu3.2 <none>
2026-03-10 14:47:50 status unpacked dmsetup:amd64 2:1.02.185-3ubuntu3.2
2026-03-10 14:47:50 status half-configured dmsetup:amd64 2:1.02.185-3ubuntu3.2
2026-03-10 14:47:50 status installed dmsetup:amd64 2:1.02.185-3ubuntu3.2
2026-03-10 14:47:50 configure uuid-runtime:amd64 2.39.3-9ubuntu6.4 <none>
2026-03-10 14:47:50 status unpacked uuid-runtime:amd64 2.39.3-9ubuntu6.4
2026-03-10 14:47:50 status half-configured uuid-runtime:amd64 2.39.3-9ubuntu6.4
2026-03-10 14:47:51 status installed uuid-runtime:amd64 2.39.3-9ubuntu6.4
2026-03-10 14:47:51 configure libpam-systemd:amd64 255.4-1ubuntu8.12 <none>
2026-03-10 14:47:51 status unpacked libpam-systemd:amd64 255.4-1ubuntu8.12
2026-03-10 14:47:51 status half-configured libpam-systemd:amd64 255.4-1ubuntu8.12
2026-03-10 14:47:51 status installed libpam-systemd:amd64 255.4-1ubuntu8.12
2026-03-10 14:47:51 configure python3-netplan:amd64 1.1.2-8ubuntu1~24.04.1 <none>
2026-03-10 14:47:51 status unpacked python3-netplan:amd64 1.1.2-8ubuntu1~24.04.1
2026-03-10 14:47:51 status half-configured python3-netplan:amd64 1.1.2-8ubuntu1~24.04.1
2026-03-10 14:47:52 status installed python3-netplan:amd64 1.1.2-8ubuntu1~24.04.1
2026-03-10 14:47:52 configure libcryptsetup12:amd64 2:2.7.0-1ubuntu4.2 <none>
2026-03-10 14:47:52 status unpacked libcryptsetup12:amd64 2:2.7.0-1ubuntu4.2
2026-03-10 14:47:52 status half-configured libcryptsetup12:amd64 2:2.7.0-1ubuntu4.2
2026-03-10 14:47:52 status installed libcryptsetup12:amd64 2:2.7.0-1ubuntu4.2
2026-03-10 14:47:52 configure packagekit:amd64 1.2.8-2ubuntu1.4 <none>
2026-03-10 14:47:52 status unpacked packagekit:amd64 1.2.8-2ubuntu1.4
2026-03-10 14:47:52 status half-configured packagekit:amd64 1.2.8-2ubuntu1.4
2026-03-10 14:47:52 status installed packagekit:amd64 1.2.8-2ubuntu1.4
2026-03-10 14:47:52 configure netplan-generator:amd64 1.1.2-8ubuntu1~24.04.1 <none>
2026-03-10 14:47:52 status unpacked netplan-generator:amd64 1.1.2-8ubuntu1~24.04.1
2026-03-10 14:47:52 status half-configured netplan-generator:amd64 1.1.2-8ubuntu1~24.04.1
2026-03-10 14:47:52 status installed netplan-generator:amd64 1.1.2-8ubuntu1~24.04.1
2026-03-10 14:47:52 configure libdrm-common:all 2.4.125-1ubuntu0.1~24.04.1 <none>
2026-03-10 14:47:52 status unpacked libdrm-common:all 2.4.125-1ubuntu0.1~24.04.1
2026-03-10 14:47:52 status half-configured libdrm-common:all 2.4.125-1ubuntu0.1~24.04.1
2026-03-10 14:47:52 status installed libdrm-common:all 2.4.125-1ubuntu0.1~24.04.1
2026-03-10 14:47:52 configure libldap2:amd64 2.6.10+dfsg-0ubuntu0.24.04.1 <none>
2026-03-10 14:47:52 status unpacked libldap2:amd64 2.6.10+dfsg-0ubuntu0.24.04.1
2026-03-10 14:47:52 status half-configured libldap2:amd64 2.6.10+dfsg-0ubuntu0.24.04.1
2026-03-10 14:47:52 status installed libldap2:amd64 2.6.10+dfsg-0ubuntu0.24.04.1
2026-03-10 14:47:52 configure systemd-resolved:amd64 255.4-1ubuntu8.12 <none>
2026-03-10 14:47:52 status unpacked systemd-resolved:amd64 255.4-1ubuntu8.12
2026-03-10 14:47:52 status half-configured systemd-resolved:amd64 255.4-1ubuntu8.12
2026-03-10 14:47:54 status installed systemd-resolved:amd64 255.4-1ubuntu8.12
2026-03-10 14:47:54 configure python3.12-minimal:amd64 3.12.3-1ubuntu0.12 <none>
2026-03-10 14:47:54 status unpacked python3.12-minimal:amd64 3.12.3-1ubuntu0.12
2026-03-10 14:47:54 status half-configured python3.12-minimal:amd64 3.12.3-1ubuntu0.12
2026-03-10 14:47:55 status installed python3.12-minimal:amd64 3.12.3-1ubuntu0.12
2026-03-10 14:47:55 configure snapd:amd64 2.73+ubuntu24.04 <none>
2026-03-10 14:47:55 status unpacked snapd:amd64 2.73+ubuntu24.04
2026-03-10 14:47:55 status half-configured snapd:amd64 2.73+ubuntu24.04
2026-03-10 14:48:00 status installed snapd:amd64 2.73+ubuntu24.04
2026-03-10 14:48:00 configure packagekit-tools:amd64 1.2.8-2ubuntu1.4 <none>
2026-03-10 14:48:00 status unpacked packagekit-tools:amd64 1.2.8-2ubuntu1.4
2026-03-10 14:48:00 status half-configured packagekit-tools:amd64 1.2.8-2ubuntu1.4
2026-03-10 14:48:00 status installed packagekit-tools:amd64 1.2.8-2ubuntu1.4
2026-03-10 14:48:00 configure libpython3.12-stdlib:amd64 3.12.3-1ubuntu0.12 <none>
2026-03-10 14:48:00 status unpacked libpython3.12-stdlib:amd64 3.12.3-1ubuntu0.12
2026-03-10 14:48:00 status half-configured libpython3.12-stdlib:amd64 3.12.3-1ubuntu0.12
2026-03-10 14:48:00 status installed libpython3.12-stdlib:amd64 3.12.3-1ubuntu0.12
2026-03-10 14:48:00 configure python3-apt:amd64 2.7.7ubuntu5.2 <none>
2026-03-10 14:48:00 status unpacked python3-apt:amd64 2.7.7ubuntu5.2
2026-03-10 14:48:00 status half-configured python3-apt:amd64 2.7.7ubuntu5.2
2026-03-10 14:48:01 status installed python3-apt:amd64 2.7.7ubuntu5.2
2026-03-10 14:48:01 configure python3.12:amd64 3.12.3-1ubuntu0.12 <none>
2026-03-10 14:48:01 status unpacked python3.12:amd64 3.12.3-1ubuntu0.12
2026-03-10 14:48:01 status half-configured python3.12:amd64 3.12.3-1ubuntu0.12
2026-03-10 14:48:03 status installed python3.12:amd64 3.12.3-1ubuntu0.12
2026-03-10 14:48:03 configure dconf-service:amd64 0.40.0-4ubuntu0.1 <none>
2026-03-10 14:48:03 status unpacked dconf-service:amd64 0.40.0-4ubuntu0.1
2026-03-10 14:48:03 status half-configured dconf-service:amd64 0.40.0-4ubuntu0.1
2026-03-10 14:48:03 status installed dconf-service:amd64 0.40.0-4ubuntu0.1
2026-03-10 14:48:03 configure landscape-common:amd64 24.02-0ubuntu5.7 <none>
2026-03-10 14:48:03 status unpacked landscape-common:amd64 24.02-0ubuntu5.7
2026-03-10 14:48:03 status half-configured landscape-common:amd64 24.02-0ubuntu5.7
2026-03-10 14:48:05 status installed landscape-common:amd64 24.02-0ubuntu5.7
2026-03-10 14:48:05 configure fdisk:amd64 2.39.3-9ubuntu6.4 <none>
2026-03-10 14:48:05 status unpacked fdisk:amd64 2.39.3-9ubuntu6.4
2026-03-10 14:48:05 status half-configured fdisk:amd64 2.39.3-9ubuntu6.4
2026-03-10 14:48:05 status installed fdisk:amd64 2.39.3-9ubuntu6.4
2026-03-10 14:48:05 configure netplan.io:amd64 1.1.2-8ubuntu1~24.04.1 <none>
2026-03-10 14:48:05 status unpacked netplan.io:amd64 1.1.2-8ubuntu1~24.04.1
2026-03-10 14:48:05 status half-configured netplan.io:amd64 1.1.2-8ubuntu1~24.04.1
2026-03-10 14:48:05 status installed netplan.io:amd64 1.1.2-8ubuntu1~24.04.1
2026-03-10 14:48:05 configure libpython3.12t64:amd64 3.12.3-1ubuntu0.12 <none>
2026-03-10 14:48:05 status unpacked libpython3.12t64:amd64 3.12.3-1ubuntu0.12
2026-03-10 14:48:05 status half-configured libpython3.12t64:amd64 3.12.3-1ubuntu0.12
2026-03-10 14:48:05 status installed libpython3.12t64:amd64 3.12.3-1ubuntu0.12
2026-03-10 14:48:05 configure python3-software-properties:all 0.99.49.4 <none>
2026-03-10 14:48:05 status unpacked python3-software-properties:all 0.99.49.4
2026-03-10 14:48:05 status half-configured python3-software-properties:all 0.99.49.4
2026-03-10 14:48:05 status installed python3-software-properties:all 0.99.49.4
2026-03-10 14:48:05 configure landscape-client:amd64 24.02-0ubuntu5.7 <none>
2026-03-10 14:48:05 status unpacked landscape-client:amd64 24.02-0ubuntu5.7
2026-03-10 14:48:06 status half-configured landscape-client:amd64 24.02-0ubuntu5.7
2026-03-10 14:48:08 status installed landscape-client:amd64 24.02-0ubuntu5.7
2026-03-10 14:48:08 configure libdrm2:amd64 2.4.125-1ubuntu0.1~24.04.1 <none>
2026-03-10 14:48:08 status unpacked libdrm2:amd64 2.4.125-1ubuntu0.1~24.04.1
2026-03-10 14:48:08 status half-configured libdrm2:amd64 2.4.125-1ubuntu0.1~24.04.1
2026-03-10 14:48:08 status installed libdrm2:amd64 2.4.125-1ubuntu0.1~24.04.1
2026-03-10 14:48:08 configure ubuntu-pro-client:amd64 37.1ubuntu0~24.04 <none>
2026-03-10 14:48:08 status unpacked ubuntu-pro-client:amd64 37.1ubuntu0~24.04
2026-03-10 14:48:08 status half-configured ubuntu-pro-client:amd64 37.1ubuntu0~24.04
2026-03-10 14:48:12 status installed ubuntu-pro-client:amd64 37.1ubuntu0~24.04
2026-03-10 14:48:12 configure libdrm-amdgpu1:amd64 2.4.125-1ubuntu0.1~24.04.1 <none>
2026-03-10 14:48:12 status unpacked libdrm-amdgpu1:amd64 2.4.125-1ubuntu0.1~24.04.1
2026-03-10 14:48:12 status half-configured libdrm-amdgpu1:amd64 2.4.125-1ubuntu0.1~24.04.1
2026-03-10 14:48:12 status installed libdrm-amdgpu1:amd64 2.4.125-1ubuntu0.1~24.04.1
2026-03-10 14:48:12 configure ubuntu-pro-client-l10n:amd64 37.1ubuntu0~24.04 <none>
2026-03-10 14:48:12 status unpacked ubuntu-pro-client-l10n:amd64 37.1ubuntu0~24.04
2026-03-10 14:48:12 status half-configured ubuntu-pro-client-l10n:amd64 37.1ubuntu0~24.04
2026-03-10 14:48:12 status installed ubuntu-pro-client-l10n:amd64 37.1ubuntu0~24.04
2026-03-10 14:48:12 configure wsl-pro-service:amd64 0.1.18~24.04.3 <none>
2026-03-10 14:48:12 status unpacked wsl-pro-service:amd64 0.1.18~24.04.3
2026-03-10 14:48:12 status half-configured wsl-pro-service:amd64 0.1.18~24.04.3
2026-03-10 14:48:13 status installed wsl-pro-service:amd64 0.1.18~24.04.3
2026-03-10 14:48:13 configure mesa-vulkan-drivers:amd64 25.2.8-0ubuntu0.24.04.1 <none>
2026-03-10 14:48:13 status unpacked mesa-vulkan-drivers:amd64 25.2.8-0ubuntu0.24.04.1
2026-03-10 14:48:13 status half-configured mesa-vulkan-drivers:amd64 25.2.8-0ubuntu0.24.04.1
2026-03-10 14:48:13 status installed mesa-vulkan-drivers:amd64 25.2.8-0ubuntu0.24.04.1
2026-03-10 14:48:13 configure libdrm-nouveau2:amd64 2.4.125-1ubuntu0.1~24.04.1 <none>
2026-03-10 14:48:13 status unpacked libdrm-nouveau2:amd64 2.4.125-1ubuntu0.1~24.04.1
2026-03-10 14:48:13 status half-configured libdrm-nouveau2:amd64 2.4.125-1ubuntu0.1~24.04.1
2026-03-10 14:48:13 status installed libdrm-nouveau2:amd64 2.4.125-1ubuntu0.1~24.04.1
2026-03-10 14:48:13 configure cloud-init:all 25.3-0ubuntu1~24.04.1 <none>
2026-03-10 14:48:13 status unpacked cloud-init:all 25.3-0ubuntu1~24.04.1
2026-03-10 14:48:14 status half-configured cloud-init:all 25.3-0ubuntu1~24.04.1
2026-03-10 14:48:17 status installed cloud-init:all 25.3-0ubuntu1~24.04.1
2026-03-10 14:48:17 configure dconf-gsettings-backend:amd64 0.40.0-4ubuntu0.1 <none>
2026-03-10 14:48:17 status unpacked dconf-gsettings-backend:amd64 0.40.0-4ubuntu0.1
2026-03-10 14:48:17 status half-configured dconf-gsettings-backend:amd64 0.40.0-4ubuntu0.1
2026-03-10 14:48:17 status installed dconf-gsettings-backend:amd64 0.40.0-4ubuntu0.1
2026-03-10 14:48:17 configure libdrm-radeon1:amd64 2.4.125-1ubuntu0.1~24.04.1 <none>
2026-03-10 14:48:17 status unpacked libdrm-radeon1:amd64 2.4.125-1ubuntu0.1~24.04.1
2026-03-10 14:48:17 status half-configured libdrm-radeon1:amd64 2.4.125-1ubuntu0.1~24.04.1
2026-03-10 14:48:17 status installed libdrm-radeon1:amd64 2.4.125-1ubuntu0.1~24.04.1
2026-03-10 14:48:17 configure libdrm-intel1:amd64 2.4.125-1ubuntu0.1~24.04.1 <none>
2026-03-10 14:48:17 status unpacked libdrm-intel1:amd64 2.4.125-1ubuntu0.1~24.04.1
2026-03-10 14:48:17 status half-configured libdrm-intel1:amd64 2.4.125-1ubuntu0.1~24.04.1
2026-03-10 14:48:18 status installed libdrm-intel1:amd64 2.4.125-1ubuntu0.1~24.04.1
2026-03-10 14:48:18 configure software-properties-common:all 0.99.49.4 <none>
2026-03-10 14:48:18 status unpacked software-properties-common:all 0.99.49.4
2026-03-10 14:48:18 status half-configured software-properties-common:all 0.99.49.4
2026-03-10 14:48:18 status installed software-properties-common:all 0.99.49.4
2026-03-10 14:48:18 configure libgtk-3-common:all 3.24.41-4ubuntu1.3 <none>
2026-03-10 14:48:18 status unpacked libgtk-3-common:all 3.24.41-4ubuntu1.3
2026-03-10 14:48:18 status half-configured libgtk-3-common:all 3.24.41-4ubuntu1.3
2026-03-10 14:48:18 status triggers-awaited libgtk-3-common:all 3.24.41-4ubuntu1.3
2026-03-10 14:48:18 configure libgl1-amber-dri:amd64 21.3.9-0ubuntu3~24.04.1 <none>
2026-03-10 14:48:18 status unpacked libgl1-amber-dri:amd64 21.3.9-0ubuntu3~24.04.1
2026-03-10 14:48:18 status half-configured libgl1-amber-dri:amd64 21.3.9-0ubuntu3~24.04.1
2026-03-10 14:48:18 status installed libgl1-amber-dri:amd64 21.3.9-0ubuntu3~24.04.1
2026-03-10 14:48:18 configure wsl-setup:amd64 0.5.10~24.04.1 <none>
2026-03-10 14:48:18 status unpacked wsl-setup:amd64 0.5.10~24.04.1
2026-03-10 14:48:18 status half-configured wsl-setup:amd64 0.5.10~24.04.1
2026-03-10 14:48:18 status installed wsl-setup:amd64 0.5.10~24.04.1
2026-03-10 14:48:18 configure mesa-libgallium:amd64 25.2.8-0ubuntu0.24.04.1 <none>
2026-03-10 14:48:18 status unpacked mesa-libgallium:amd64 25.2.8-0ubuntu0.24.04.1
2026-03-10 14:48:18 status half-configured mesa-libgallium:amd64 25.2.8-0ubuntu0.24.04.1
2026-03-10 14:48:18 status installed mesa-libgallium:amd64 25.2.8-0ubuntu0.24.04.1
2026-03-10 14:48:18 configure libgbm1:amd64 25.2.8-0ubuntu0.24.04.1 <none>
2026-03-10 14:48:18 status unpacked libgbm1:amd64 25.2.8-0ubuntu0.24.04.1
2026-03-10 14:48:18 status half-configured libgbm1:amd64 25.2.8-0ubuntu0.24.04.1
2026-03-10 14:48:18 status installed libgbm1:amd64 25.2.8-0ubuntu0.24.04.1
2026-03-10 14:48:18 configure libgl1-mesa-dri:amd64 25.2.8-0ubuntu0.24.04.1 <none>
2026-03-10 14:48:18 status unpacked libgl1-mesa-dri:amd64 25.2.8-0ubuntu0.24.04.1
2026-03-10 14:48:18 status half-configured libgl1-mesa-dri:amd64 25.2.8-0ubuntu0.24.04.1
2026-03-10 14:48:18 status installed libgl1-mesa-dri:amd64 25.2.8-0ubuntu0.24.04.1
2026-03-10 14:48:18 configure libegl-mesa0:amd64 25.2.8-0ubuntu0.24.04.1 <none>
2026-03-10 14:48:18 status unpacked libegl-mesa0:amd64 25.2.8-0ubuntu0.24.04.1
2026-03-10 14:48:18 status half-configured libegl-mesa0:amd64 25.2.8-0ubuntu0.24.04.1
2026-03-10 14:48:18 status installed libegl-mesa0:amd64 25.2.8-0ubuntu0.24.04.1
2026-03-10 14:48:18 configure libglx-mesa0:amd64 25.2.8-0ubuntu0.24.04.1 <none>
2026-03-10 14:48:18 status unpacked libglx-mesa0:amd64 25.2.8-0ubuntu0.24.04.1
2026-03-10 14:48:18 status half-configured libglx-mesa0:amd64 25.2.8-0ubuntu0.24.04.1
2026-03-10 14:48:18 status installed libglx-mesa0:amd64 25.2.8-0ubuntu0.24.04.1
2026-03-10 14:48:18 configure python3-distupgrade:all 1:24.04.28 <none>
2026-03-10 14:48:18 status unpacked python3-distupgrade:all 1:24.04.28
2026-03-10 14:48:18 status half-configured python3-distupgrade:all 1:24.04.28
2026-03-10 14:48:19 status installed python3-distupgrade:all 1:24.04.28
2026-03-10 14:48:19 configure ubuntu-release-upgrader-core:all 1:24.04.28 <none>
2026-03-10 14:48:19 status unpacked ubuntu-release-upgrader-core:all 1:24.04.28
2026-03-10 14:48:19 status half-configured ubuntu-release-upgrader-core:all 1:24.04.28
2026-03-10 14:48:19 status installed ubuntu-release-upgrader-core:all 1:24.04.28
2026-03-10 14:48:19 configure python3-update-manager:all 1:24.04.12 <none>
2026-03-10 14:48:19 status unpacked python3-update-manager:all 1:24.04.12
2026-03-10 14:48:19 status half-configured python3-update-manager:all 1:24.04.12
2026-03-10 14:48:19 status installed python3-update-manager:all 1:24.04.12
2026-03-10 14:48:19 configure update-manager-core:all 1:24.04.12 <none>
2026-03-10 14:48:19 status unpacked update-manager-core:all 1:24.04.12
2026-03-10 14:48:19 status half-configured update-manager-core:all 1:24.04.12
2026-03-10 14:48:19 status installed update-manager-core:all 1:24.04.12
2026-03-10 14:48:19 trigproc install-info:amd64 7.1-3build2 <none>
2026-03-10 14:48:19 status half-configured install-info:amd64 7.1-3build2
2026-03-10 14:48:19 status installed install-info:amd64 7.1-3build2
2026-03-10 14:48:19 trigproc libc-bin:amd64 2.39-0ubuntu8.7 <none>
2026-03-10 14:48:19 status half-configured libc-bin:amd64 2.39-0ubuntu8.7
2026-03-10 14:48:20 status installed libc-bin:amd64 2.39-0ubuntu8.7
2026-03-10 14:48:20 trigproc systemd:amd64 255.4-1ubuntu8.12 <none>
2026-03-10 14:48:20 status half-configured systemd:amd64 255.4-1ubuntu8.12
2026-03-10 14:48:20 status installed systemd:amd64 255.4-1ubuntu8.12
2026-03-10 14:48:20 trigproc man-db:amd64 2.12.0-4build2 <none>
2026-03-10 14:48:20 status half-configured man-db:amd64 2.12.0-4build2
2026-03-10 14:48:23 status installed man-db:amd64 2.12.0-4build2
2026-03-10 14:48:23 trigproc libglib2.0-0t64:amd64 2.80.0-6ubuntu3.8 <none>
2026-03-10 14:48:23 status half-configured libglib2.0-0t64:amd64 2.80.0-6ubuntu3.8
2026-03-10 14:48:23 status installed libgtk-3-common:all 3.24.41-4ubuntu1.3
2026-03-10 14:48:23 status installed libglib2.0-0t64:amd64 2.80.0-6ubuntu3.8
2026-03-10 14:48:23 trigproc dbus:amd64 1.14.10-4ubuntu4.1 <none>
2026-03-10 14:48:23 status half-configured dbus:amd64 1.14.10-4ubuntu4.1
2026-03-10 14:48:23 status installed dbus:amd64 1.14.10-4ubuntu4.1
2026-03-10 14:48:23 configure libgtk-3-0t64:amd64 3.24.41-4ubuntu1.3 <none>
2026-03-10 14:48:23 status triggers-pending libc-bin:amd64 2.39-0ubuntu8.7
2026-03-10 14:48:23 status unpacked libgtk-3-0t64:amd64 3.24.41-4ubuntu1.3
2026-03-10 14:48:23 status half-configured libgtk-3-0t64:amd64 3.24.41-4ubuntu1.3
2026-03-10 14:48:24 status installed libgtk-3-0t64:amd64 3.24.41-4ubuntu1.3
2026-03-10 14:48:24 configure libgtk-3-bin:amd64 3.24.41-4ubuntu1.3 <none>
2026-03-10 14:48:24 status unpacked libgtk-3-bin:amd64 3.24.41-4ubuntu1.3
2026-03-10 14:48:24 status half-configured libgtk-3-bin:amd64 3.24.41-4ubuntu1.3
2026-03-10 14:48:24 status installed libgtk-3-bin:amd64 3.24.41-4ubuntu1.3
2026-03-10 14:48:24 trigproc libc-bin:amd64 2.39-0ubuntu8.7 <none>
2026-03-10 14:48:24 status half-configured libc-bin:amd64 2.39-0ubuntu8.7
2026-03-10 14:48:24 status installed libc-bin:amd64 2.39-0ubuntu8.7
